========================================================================
  DECOMP B — π_birth asymmetric ONLY (AR(1) reverted to stub ρ=0.98 σ_ε=0.05)
========================================================================
  J=17  gender_gap=true  threads=4

Initializing grids and Rouwenhorst chain …
  HARMONIZED AR(1): ρ=0.7820 σ_ε=0.2650 (stubs were ρ=0.98 σ_ε=0.05)
  CHECK η_grid range = [-2.0231, 2.0231]
  REVERTED AR(1) to stub: η_grid range = [-2.7524, 2.7524]  (ρ=0.98 σ_ε=0.05)
  (π_birth stays asymmetric: [0.3927 0.1173; 0.3822 0.1078])

Solving GE (joint closure: τp endogenous, B residual) …
INITIAL GE-Gender  (K₀=12.0, L₀=10.0, damp=0.3, tol=0.0001)
iter   K        L        K/L      r(5y)    w        τp       DIFF/Y
─────  ───────  ───────  ───────  ───────  ───────  ───────  ─────────────
1      12.000   10.000   1.200    0.1634   1.0935   0.0929   +9.694055e-02
2      10.647   9.769    1.090    0.1960   1.0562   0.1014   +4.962827e-02
3      9.272    9.599    0.966    0.2398   1.0113   0.1013   +4.441003e-02
4      8.783    9.412    0.933    0.2530   0.9988   0.1014   +3.059984e-02
5      8.566    9.266    0.925    0.2565   0.9955   0.1014   +2.150145e-02
6      8.448    9.159    0.922    0.2574   0.9947   0.1013   +1.513871e-02
7      8.374    9.083    0.922    0.2576   0.9945   0.1012   +1.065813e-02
8      8.324    9.029    0.922    0.2577   0.9944   0.1011   +7.510257e-03
9      8.289    8.992    0.922    0.2577   0.9944   0.1011   +5.261031e-03
10     8.265    8.966    0.922    0.2577   0.9944   0.1011   +3.688981e-03
11     8.248    8.947    0.922    0.2577   0.9944   0.1010   +2.595145e-03
12     8.236    8.934    0.922    0.2577   0.9944   0.1010   +1.809560e-03
13     8.228    8.925    0.922    0.2577   0.9944   0.1010   +1.267911e-03
14     8.222    8.919    0.922    0.2577   0.9944   0.1010   +8.870315e-04
15     8.218    8.915    0.922    0.2577   0.9944   0.1010   +6.216949e-04
16     8.215    8.912    0.922    0.2577   0.9944   0.1010   +4.380008e-04
17     8.213    8.910    0.922    0.2577   0.9944   0.1010   +3.012254e-04
18     8.212    8.908    0.922    0.2577   0.9944   0.1010   +2.137215e-04
19     8.211    8.907    0.922    0.2577   0.9944   0.1010   +1.486254e-04
20     8.210    8.906    0.922    0.2577   0.9944   0.1010   +1.040230e-04
21     8.210    8.906    0.922    0.2577   0.9944   0.1010   +7.274024e-05
  → CONVERGED at iter 21
Wrote /home/hectorjuan/Dalila/Missions/Funded/BID2/GE-now with Gender/stationary_experiments/calibrated/results/decompB_pibirthonly_summary.csv
Wrote /home/hectorjuan/Dalila/Missions/Funded/BID2/GE-now with Gender/stationary_experiments/calibrated/results/decompB_pibirthonly_welfare.csv
Wrote /home/hectorjuan/Dalila/Missions/Funded/BID2/GE-now with Gender/stationary_experiments/calibrated/results/decompB_pibirthonly_lifecycle.csv

========================================================================
  DECOMP B (π_birth-only) — GATE SUMMARY
========================================================================
  [1] goods DIFF/Y          = +7.274e-05   (gate < 1e-3)   PASS
  [2] capital |K-(A-B)|/K   = 1.333e-04    (gate < 2e-4)   PASS
  [3] Euler max log10       = -4.947      (gate < -3)  mean=-7.128
  [4] two-sex W gap (θ_L)   = 32.83%     (M≠F)  M=-2.7689 F=-3.6780
  τp    = 0.1010   (Run 1' = 0.0929, Δ=+0.0081)
  K     = 8.2098   (Run 1' = 4.9600, Δ=+65.52%)
  M/Y   = 0.02825   dep_ratio=0.2020  Y=13.8379  r_ann=4.692%  B/Y=0.3096  w=0.9944  pen=0.6289
  W: M_θL=-2.7689 M_θH=-0.1342 F_θL=-3.6780 F_θH=-1.2489

  GE iterations: 21 (itermax=30)   final DIFF/Y=+7.274e-05

DECOMP B (π_birth-only) done.

[decomp B] K = 8.2098   (gate Run 1 stub baseline = 10.488; Run 1' full = 4.960)
