========================================================================
  DECOMP A — AR(1) harmonized ONLY (π_birth reverted to symmetric 0.25)
========================================================================
  J=17  gender_gap=true  threads=4

Initializing grids and Rouwenhorst chain …
  HARMONIZED AR(1): ρ=0.7820 σ_ε=0.2650 (stubs were ρ=0.98 σ_ε=0.05)
  CHECK η_grid range = [-2.0231, 2.0231]
  REVERTED π_birth to symmetric: [0.2500 0.2500; 0.2500 0.2500]  sum=1.0000
  (AR(1) stays harmonized: η_grid range = [-2.0231, 2.0231])

Solving GE (joint closure: τp endogenous, B residual) …
INITIAL GE-Gender  (K₀=12.0, L₀=10.0, damp=0.3, tol=0.0001)
iter   K        L        K/L      r(5y)    w        τp       DIFF/Y
─────  ───────  ───────  ───────  ───────  ───────  ───────  ─────────────
1      12.000   10.000   1.200    0.1634   1.0935   0.0939   +2.040412e-01
2      10.703   9.043    1.184    0.1680   1.0881   0.1043   +1.287630e-01
3      8.831    8.423    1.048    0.2097   1.0416   0.1028   +1.169873e-01
4      7.875    7.921    0.994    0.2290   1.0219   0.1027   +8.765556e-02
5      7.367    7.549    0.976    0.2360   1.0150   0.1024   +6.452567e-02
6      7.072    7.280    0.971    0.2377   1.0133   0.1021   +4.687588e-02
7      6.882    7.090    0.971    0.2380   1.0131   0.1018   +3.378852e-02
8      6.752    6.955    0.971    0.2380   1.0131   0.1017   +2.415554e-02
9      6.661    6.861    0.971    0.2379   1.0131   0.1015   +1.718003e-02
10     6.598    6.795    0.971    0.2378   1.0132   0.1015   +1.215978e-02
11     6.553    6.748    0.971    0.2378   1.0132   0.1014   +8.607626e-03
12     6.522    6.716    0.971    0.2378   1.0133   0.1013   +6.064683e-03
13     6.500    6.693    0.971    0.2378   1.0133   0.1013   +4.261187e-03
14     6.485    6.677    0.971    0.2377   1.0133   0.1013   +2.990825e-03
15     6.474    6.666    0.971    0.2377   1.0133   0.1013   +2.110678e-03
16     6.467    6.658    0.971    0.2377   1.0133   0.1013   +1.476174e-03
17     6.462    6.652    0.971    0.2377   1.0133   0.1013   +1.036793e-03
18     6.458    6.648    0.971    0.2377   1.0133   0.1013   +7.279957e-04
19     6.455    6.646    0.971    0.2377   1.0133   0.1013   +5.093047e-04
20     6.453    6.644    0.971    0.2377   1.0133   0.1013   +3.570027e-04
21     6.452    6.643    0.971    0.2377   1.0133   0.1013   +2.501567e-04
22     6.451    6.642    0.971    0.2377   1.0133   0.1013   +1.757806e-04
23     6.451    6.641    0.971    0.2377   1.0133   0.1013   +1.231476e-04
24     6.450    6.640    0.971    0.2377   1.0133   0.1012   +8.648727e-05
  → CONVERGED at iter 24
Wrote /home/hectorjuan/Dalila/Missions/Funded/BID2/GE-now with Gender/stationary_experiments/calibrated/results/decompA_aronly_summary.csv
Wrote /home/hectorjuan/Dalila/Missions/Funded/BID2/GE-now with Gender/stationary_experiments/calibrated/results/decompA_aronly_welfare.csv
Wrote /home/hectorjuan/Dalila/Missions/Funded/BID2/GE-now with Gender/stationary_experiments/calibrated/results/decompA_aronly_lifecycle.csv

========================================================================
  DECOMP A (AR-only) — GATE SUMMARY
========================================================================
  [1] goods DIFF/Y          = +8.649e-05   (gate < 1e-3)   PASS
  [2] capital |K-(A-B)|/K   = 1.595e-04    (gate < 2e-4)   PASS
  [3] Euler max log10       = -5.010      (gate < -3)  mean=-7.075
  [4] two-sex W gap (θ_L)   = 30.07%     (M≠F)  M=-3.4384 F=-4.4724
  τp    = 0.1012   (Run 1' = 0.0929, Δ=+0.0084)
  K     = 6.4502   (Run 1' = 4.9600, Δ=+30.04%)
  M/Y   = 0.03201   dep_ratio=0.2025  Y=10.5141  r_ann=4.357%  B/Y=0.3225  w=1.0133  pen=0.4750
  W: M_θL=-3.4384 M_θH=-0.3090 F_θL=-4.4724 F_θH=-1.7283

  GE iterations: 24 (itermax=30)   final DIFF/Y=+8.649e-05

DECOMP A (AR-only) done.

[decomp A] K = 6.4502   (gate Run 1 stub baseline = 10.488; Run 1' full = 4.960)
