========================================================================
  RUN 0 — C2 interp-1 gate check (2050 demographics, τp pinned, debt absorbs)
========================================================================
  Source : /home/hectorjuan/Dalila/Missions/Funded/BID2/GE-now with Gender/ge_model_gender.jl
  Demog  : /home/hectorjuan/Dalila/Missions/Funded/BID2/GE-now with Gender/demographic_experiment/demographics_2050.jl
  J=17  gender_gap=true  threads=4
  τp pinned at Run 1 baseline = 0.108302

Initializing grids and Rouwenhorst chain …
  2050 demog installed: n_p=-0.019841  ψ_m[10]=0.9665 ψ_f[10]=0.9880
  CHECK θ_grid=-0.3726,0.3726  e_age[2,1:3]=0.8350,0.9726,1.0615

Solving GE (C2 interp-1; will throw at rⁿ−n_p<0 if infeasible) …
INITIAL GE-Gender  (K₀=12.0, L₀=10.0, damp=0.3, tol=0.0001)
iter   K        L        K/L      r(5y)    w        τp       DIFF/Y
─────  ───────  ───────  ───────  ───────  ───────  ───────  ─────────────
1      12.000   10.000   1.200    0.1634   1.0935   0.1083   -3.380181e-01
2      16.189   11.784   1.374    0.1209   1.1480   0.1083   -2.102156e-01
3      18.219   13.144   1.386    0.1183   1.1517   0.1083   -1.395889e-01
4      20.145   14.107   1.428    0.1094   1.1641   0.1083   -9.859627e-02
5      21.936   14.807   1.481    0.0988   1.1796   0.1083   -7.296979e-02
6      23.667   15.326   1.544    0.0871   1.1974   0.1083   -5.696720e-02
7      25.450   15.723   1.619    0.0741   1.2179   0.1083   -4.737993e-02
8      27.454   16.037   1.712    0.0592   1.2427   0.1083   -4.300367e-02
9      30.026   16.301   1.842    0.0405   1.2759   0.1083   -4.411408e-02
10     34.126   16.543   2.063    0.0133   1.3290   0.1083   -5.536408e-02

  *** C2Infeasible: rⁿ−n_p = -1.381034e-02 < 0 at iter 11 ***
Wrote /home/hectorjuan/Dalila/Missions/Funded/BID2/GE-now with Gender/stationary_experiments/calibrated/results/run0_history.csv  (11 iterations)

========================================================================
  RUN 0 GATE RESULT
========================================================================
  OUTCOME A — infeasibility HOLDS (rⁿ crossed n_p).
  → §5.5.3 survives the calibration. GREEN LIGHT for Runs 2-4.
    crossing iter=11  rⁿ−n_p=-1.381e-02  B=1.699e+02  K=44.900  primary=-2.3470
    pension_deficit at crossing = 2.5684

RUN 0 done.
