========================================================================
  RUN 1 — Calibrated 2020 baseline (gate sequence)
========================================================================
  Source     : /home/hectorjuan/Dalila/Missions/Funded/BID2/GE-now with Gender/ge_model_gender.jl
  J=17  gender_gap=true  threads=4
  Calibrated : Ψ=13.452490 Ξ=0.274472 ξ=0.5000 H̄₀=0.247474 h_slope=-0.035807 ζ_h=0.579138
  θ_L=-0.3726 θ_H=0.3726  e_age: Milo ENOE 2×J (female genuine profile)

Initializing grids and Rouwenhorst chain …
  CHECK e_age[1,1:3]=1.0000,1.2718,1.3665  e_age[2,1:3]=0.8350,0.9726,1.0615
  CHECK θ_grid=-0.3726,0.3726
  CHECK disutility_of_labor(1.0)=4.484163 (= Ψ/(1+ν)=4.484163)
  CHECK health_amenity(1.0)=0.548944 (= Ξ/(1-ξ)=0.548944)

Solving GE (joint closure: τp endogenous, B residual) …
INITIAL GE-Gender  (K₀=12.0, L₀=10.0, damp=0.3, tol=0.0001)
iter   K        L        K/L      r(5y)    w        τp       DIFF/Y
─────  ───────  ───────  ───────  ───────  ───────  ───────  ─────────────
1      12.000   10.000   1.200    0.1634   1.0935   0.0968   -3.182957e-02
2      10.752   10.613   1.013    0.2221   1.0288   0.1069   -4.529489e-02
3      10.146   10.984   0.924    0.2569   0.9951   0.1075   -2.647900e-02
4      10.168   11.174   0.910    0.2627   0.9898   0.1078   -1.914053e-02
5      10.250   11.298   0.907    0.2639   0.9887   0.1080   -1.329085e-02
6      10.319   11.382   0.907    0.2642   0.9885   0.1081   -9.237289e-03
7      10.370   11.441   0.906    0.2643   0.9884   0.1081   -6.410486e-03
8      10.406   11.482   0.906    0.2643   0.9884   0.1082   -4.452761e-03
9      10.431   11.510   0.906    0.2643   0.9884   0.1082   -3.104598e-03
10     10.449   11.530   0.906    0.2643   0.9883   0.1083   -2.167510e-03
11     10.461   11.544   0.906    0.2644   0.9883   0.1083   -1.506582e-03
12     10.470   11.554   0.906    0.2644   0.9883   0.1083   -1.047390e-03
13     10.476   11.560   0.906    0.2644   0.9883   0.1083   -7.303407e-04
14     10.480   11.565   0.906    0.2644   0.9883   0.1083   -5.091513e-04
15     10.483   11.568   0.906    0.2644   0.9883   0.1083   -3.549805e-04
16     10.485   11.571   0.906    0.2644   0.9883   0.1083   -2.475643e-04
17     10.486   11.572   0.906    0.2644   0.9883   0.1083   -1.807243e-04
18     10.487   11.573   0.906    0.2644   0.9883   0.1083   -1.186442e-04
19     10.488   11.574   0.906    0.2644   0.9883   0.1083   -8.434729e-05
  → CONVERGED at iter 19
Wrote /home/hectorjuan/Dalila/Missions/Funded/BID2/GE-now with Gender/stationary_experiments/calibrated/results/run1_summary.csv
Wrote /home/hectorjuan/Dalila/Missions/Funded/BID2/GE-now with Gender/stationary_experiments/calibrated/results/run1_welfare.csv
Wrote /home/hectorjuan/Dalila/Missions/Funded/BID2/GE-now with Gender/stationary_experiments/calibrated/results/run1_lifecycle.csv

========================================================================
  RUN 1 GATE SUMMARY
========================================================================
  [1] goods DIFF/Y          = -8.435e-05   (gate < 1e-3)   PASS
  [2] capital |K-(A-B)|/K   = 1.502e-04    (gate < 2e-4)   PASS
  [3] Euler max log10       = -4.754      (gate < -3, mass-bulk)  mean=-6.920
  [4] two-sex W gap (θ_L)   = 33.73%     (expect 5-10%, M≠F)  M=-2.5695 F=-3.4363
  [5] τp                    = 0.1083      (expect ≈0.1450 = κ·dep)
  [6] K                     = 10.4880      (v3 stub baseline 14.378; report Δ)
      dep_ratio=0.2166  Y=17.8732  r_ann=4.803%  B/Y=0.3054  w=0.9883  pen=0.8040

  GE iterations: 19 (itermax=30)   final DIFF/Y=-8.435e-05

RUN 1 done.
