========================================================================
  RUN 2 — κ pension reform 0.50→0.30 (harmonized calibrated baseline)
========================================================================
  J=17  gender_gap=true  threads=4

Initializing grids and Rouwenhorst chain …
  HARMONIZED AR(1): ρ=0.7820 σ_ε=0.2650 (stubs were ρ=0.98 σ_ε=0.05)
  CHECK η_grid range = [-2.0231, 2.0231]
  CHECK π_birth=[0.3927 0.1173; 0.3822 0.1078]  θ_grid=-0.3726,0.3726
  set_pension_kappa!: update_pension_taxes! re-evaled with κ=0.3000

Solving GE (joint closure: τp endogenous, B residual) …
INITIAL GE-Gender  (K₀=12.0, L₀=10.0, damp=0.3, tol=0.0001)
iter   K        L        K/L      r(5y)    w        τp       DIFF/Y
─────  ───────  ───────  ───────  ───────  ───────  ───────  ─────────────
1      12.000   10.000   1.200    0.1634   1.0935   0.0530   +2.840524e-01
2      10.649   8.523    1.249    0.1504   1.1095   0.0553   +2.004820e-01
3      9.108    7.570    1.203    0.1626   1.0945   0.0547   +1.687765e-01
4      7.908    6.885    1.149    0.1780   1.0764   0.0547   +1.360183e-01
5      7.078    6.391    1.107    0.1905   1.0623   0.0547   +1.055647e-01
6      6.548    6.034    1.085    0.1975   1.0546   0.0547   +7.936777e-02
7      6.213    5.778    1.075    0.2007   1.0511   0.0547   +5.855518e-02
8      5.992    5.597    1.071    0.2022   1.0495   0.0547   +4.266294e-02
9      5.842    5.468    1.068    0.2030   1.0487   0.0547   +3.079003e-02
10     5.737    5.377    1.067    0.2035   1.0482   0.0547   +2.217152e-02
11     5.663    5.313    1.066    0.2038   1.0478   0.0546   +1.581309e-02
12     5.611    5.267    1.065    0.2040   1.0476   0.0546   +1.123300e-02
13     5.575    5.235    1.065    0.2042   1.0474   0.0546   +7.960119e-03
14     5.549    5.213    1.065    0.2043   1.0473   0.0546   +5.628271e-03
15     5.531    5.197    1.064    0.2043   1.0473   0.0546   +3.978188e-03
16     5.519    5.186    1.064    0.2044   1.0472   0.0546   +2.810094e-03
17     5.510    5.178    1.064    0.2044   1.0472   0.0546   +1.984169e-03
18     5.504    5.172    1.064    0.2044   1.0471   0.0546   +1.397914e-03
19     5.499    5.168    1.064    0.2045   1.0471   0.0546   +9.854671e-04
20     5.496    5.166    1.064    0.2045   1.0471   0.0546   +7.100696e-04
21     5.494    5.164    1.064    0.2045   1.0471   0.0546   +4.981831e-04
22     5.492    5.162    1.064    0.2045   1.0471   0.0546   +3.511213e-04
23     5.491    5.161    1.064    0.2045   1.0471   0.0546   +2.476509e-04
24     5.490    5.161    1.064    0.2045   1.0471   0.0546   +1.745015e-04
25     5.490    5.160    1.064    0.2045   1.0471   0.0546   +1.227509e-04
26     5.489    5.160    1.064    0.2045   1.0471   0.0546   +8.645236e-05
  → CONVERGED at iter 26
Wrote /home/hectorjuan/Dalila/Missions/Funded/BID2/GE-now with Gender/stationary_experiments/calibrated/results/run2_kappa30_summary.csv
Wrote /home/hectorjuan/Dalila/Missions/Funded/BID2/GE-now with Gender/stationary_experiments/calibrated/results/run2_kappa30_welfare.csv
Wrote /home/hectorjuan/Dalila/Missions/Funded/BID2/GE-now with Gender/stationary_experiments/calibrated/results/run2_kappa30_lifecycle.csv

========================================================================
  RUN 2 (κ=0.30) — GATE SUMMARY
========================================================================
  [1] goods DIFF/Y          = +8.645e-05   (gate < 1e-3)   PASS
  [2] capital |K-(A-B)|/K   = 1.649e-04    (gate < 2e-4)   PASS
  [3] Euler max log10       = -6.342      (gate < -3)  mean=-8.257
  [4] two-sex W gap (θ_L)   = 31.94%     (M≠F)  M=-3.7806 F=-4.9882
  τp    = 0.0546   (Run 1' = 0.0929, Δ=-0.0382)
  K     = 5.4894   (Run 1' = 4.9600, Δ=+10.67%)
  M/Y   = 0.02448   dep_ratio=0.1820  Y=8.4418  r_ann=3.791%  B/Y=0.3467  w=1.0471  pen=0.2332
  W: M_θL=-3.7806 M_θH=-0.3635 F_θL=-4.9882 F_θH=-1.9563

  GE iterations: 26 (itermax=30)   final DIFF/Y=+8.645e-05

RUN 2 (κ=0.30) done.

[gate 5] τp: Run 1' 0.0929 → κ=0.30 0.0546  (PASS — expect fall)
(gate 6 — regressive welfare incidence — assessed in assemble step vs run1prime_welfare.csv)
