========================================================================
  RUN 4 — Aging C1: 2050 demographics, joint closure (harmonized baseline)
========================================================================
  Demog  : /home/hectorjuan/Dalila/Missions/Funded/BID2/GE-now with Gender/demographic_experiment/demographics_2050.jl
  J=17  gender_gap=true  threads=4

Initializing grids and Rouwenhorst chain …
  HARMONIZED AR(1): ρ=0.7820 σ_ε=0.2650 (stubs were ρ=0.98 σ_ε=0.05)
  CHECK η_grid range = [-2.0231, 2.0231]
  set_demographics!: n_p=-0.019841  ψ_m[10]=0.9665 ψ_f[10]=0.9880
  CHECK π_birth=[0.3927 0.1173; 0.3822 0.1078]  θ_grid=-0.3726,0.3726  n_p=-0.019841

Solving GE (joint closure: τp endogenous, B residual) …
INITIAL GE-Gender  (K₀=12.0, L₀=10.0, damp=0.3, tol=0.0001)
iter   K        L        K/L      r(5y)    w        τp       DIFF/Y
─────  ───────  ───────  ───────  ───────  ───────  ───────  ─────────────
1      12.000   10.000   1.200    0.1634   1.0935   0.1587   +1.828617e-01
2      11.326   9.002    1.258    0.1481   1.1123   0.1647   +1.542942e-01
3      9.723    8.262    1.177    0.1699   1.0858   0.1620   +1.303922e-01
4      8.755    7.700    1.137    0.1814   1.0725   0.1613   +9.630193e-02
5      8.193    7.294    1.123    0.1856   1.0678   0.1607   +7.046180e-02
6      7.852    7.004    1.121    0.1863   1.0670   0.1601   +5.108794e-02
7      7.631    6.799    1.122    0.1859   1.0674   0.1597   +3.668710e-02
8      7.480    6.655    1.124    0.1854   1.0680   0.1594   +2.617799e-02
9      7.376    6.554    1.125    0.1849   1.0685   0.1592   +1.851976e-02
10     7.304    6.484    1.126    0.1846   1.0688   0.1589   +1.352162e-02
11     7.251    6.434    1.127    0.1844   1.0690   0.1588   +9.347363e-03
12     7.215    6.399    1.127    0.1843   1.0692   0.1587   +6.556317e-03
13     7.190    6.375    1.128    0.1842   1.0693   0.1587   +4.588389e-03
14     7.172    6.358    1.128    0.1841   1.0694   0.1587   +3.218336e-03
15     7.160    6.346    1.128    0.1841   1.0695   0.1586   +2.259140e-03
16     7.152    6.338    1.128    0.1840   1.0695   0.1586   +1.586251e-03
17     7.146    6.332    1.129    0.1840   1.0696   0.1586   +1.096180e-03
18     7.142    6.328    1.129    0.1840   1.0696   0.1586   +7.663455e-04
19     7.139    6.325    1.129    0.1840   1.0696   0.1586   +5.391529e-04
20     7.137    6.323    1.129    0.1839   1.0696   0.1586   +3.723680e-04
21     7.135    6.322    1.129    0.1839   1.0696   0.1586   +2.618252e-04
22     7.134    6.321    1.129    0.1839   1.0696   0.1586   +1.794683e-04
23     7.134    6.320    1.129    0.1839   1.0696   0.1586   +1.247513e-04
24     7.133    6.320    1.129    0.1839   1.0696   0.1586   +8.797526e-05
  → CONVERGED at iter 24
Wrote /home/hectorjuan/Dalila/Missions/Funded/BID2/GE-now with Gender/stationary_experiments/calibrated/results/run4_agingC1_summary.csv
Wrote /home/hectorjuan/Dalila/Missions/Funded/BID2/GE-now with Gender/stationary_experiments/calibrated/results/run4_agingC1_welfare.csv
Wrote /home/hectorjuan/Dalila/Missions/Funded/BID2/GE-now with Gender/stationary_experiments/calibrated/results/run4_agingC1_lifecycle.csv

========================================================================
  RUN 4 (aging C1, 2050) — GATE SUMMARY
========================================================================
  [1] goods DIFF/Y          = +8.798e-05   (gate < 1e-3)   PASS
  [2] capital |K-(A-B)|/K   = 1.559e-04    (gate < 2e-4)   PASS
  [3] Euler max log10       = -4.917      (gate < -3)  mean=-7.081
  [4] two-sex W gap (θ_L)   = 27.54%     (M≠F)  M=-4.0674 F=-5.1875
  τp    = 0.1586   (Run 1' = 0.0929, Δ=+0.0657)
  K     = 7.1332   (Run 1' = 4.9600, Δ=+43.81%)
  M/Y   = 0.02806   dep_ratio=0.3171  Y=10.5620  r_ann=3.434%  B/Y=0.2646  w=1.0696  pen=0.3759
  W: M_θL=-4.0674 M_θH=-0.9296 F_θL=-5.1875 F_θH=-2.4303

  GE iterations: 24 (itermax=30)   final DIFF/Y=+8.798e-05

RUN 4 (aging C1, 2050) done.

[gate 10] dep_ratio: Run 1' 0.1857 → aging 0.3171  (×1.71 — expect ~2×)
[gate 11] τp: Run 1' 0.0929 → aging 0.1586  (PASS — expect substantial rise)
[gate 12] K: Run 1' 4.9600 → aging 7.1332  (PASS — expect rise);  r_5yr 0.2289 → 0.1839 (PASS — expect fall)
