========================================================================
  C2 recovery (interp 2: benefit-scaling)
  2050 demographics, τp pinned at 2020 = 0.145002
  pen = τp·w·L/N^R  (benefits scale to balance PAYG)
========================================================================
  nthreads = 16   J = 17   damp_ge = 0.30

Initializing grids and Rouwenhorst chain …
Setting 2050 demographics (Anne / WPP 2024 medium variant) …
  n_p  : 0.051010 → -0.019841
  ψ_male[10] : 0.9553 → 0.9665  ψ_female[10] : 0.9553 → 0.9880

========================================================================
  Solving GE — Base.invokelatest forces fresh world-age dispatch
========================================================================
INITIAL GE-Gender  (K₀=12.0, L₀=10.0, damp=0.3, tol=0.0001)
iter   K        L        K/L      r(5y)    w        τp       DIFF/Y
─────  ───────  ───────  ───────  ───────  ───────  ───────  ─────────────
1      12.000   10.000   1.200    0.1634   1.0935   0.1450   -7.933228e-01
2      18.182   13.951   1.303    0.1371   1.1265   0.1450   -3.047907e-01
3      20.352   16.616   1.225    0.1568   1.1016   0.1450   -1.906625e-01
4      22.580   18.422   1.226    0.1565   1.1019   0.1450   -1.196887e-01
5      24.117   19.686   1.225    0.1567   1.1016   0.1450   -7.835080e-02
6      25.187   20.571   1.224    0.1569   1.1014   0.1450   -5.250842e-02
7      25.938   21.189   1.224    0.1570   1.1013   0.1450   -3.571004e-02
8      26.466   21.622   1.224    0.1570   1.1013   0.1450   -2.449387e-02
9      26.836   21.925   1.224    0.1570   1.1013   0.1450   -1.691389e-02
10     27.096   22.137   1.224    0.1570   1.1013   0.1450   -1.175186e-02
11     27.278   22.286   1.224    0.1570   1.1013   0.1450   -8.176099e-03
12     27.407   22.390   1.224    0.1570   1.1013   0.1450   -5.697901e-03
13     27.497   22.463   1.224    0.1570   1.1013   0.1450   -3.975505e-03
14     27.560   22.514   1.224    0.1570   1.1013   0.1450   -2.779708e-03
15     27.604   22.549   1.224    0.1570   1.1013   0.1450   -1.945062e-03
16     27.635   22.574   1.224    0.1569   1.1013   0.1450   -1.362895e-03
17     27.656   22.592   1.224    0.1569   1.1013   0.1450   -9.547442e-04
18     27.672   22.604   1.224    0.1569   1.1014   0.1450   -6.668809e-04
19     27.682   22.613   1.224    0.1569   1.1014   0.1450   -4.679718e-04
20     27.690   22.619   1.224    0.1569   1.1014   0.1450   -3.270037e-04
21     27.695   22.623   1.224    0.1569   1.1014   0.1450   -2.287330e-04
22     27.699   22.626   1.224    0.1569   1.1014   0.1450   -1.600803e-04
23     27.701   22.628   1.224    0.1569   1.1014   0.1450   -1.120401e-04
24     27.703   22.629   1.224    0.1569   1.1014   0.1450   -7.856994e-05
  → CONVERGED at iter 24

solve_ge! wall: 151.6 min

========================================================================
  RESULT — RUN 3 · C2 (2050, τp pinned at 0.145002)
========================================================================
  K        = 27.7031
  L        = 22.6294
  Y        = 38.9423
  r (ann)  = 2.9584%
  w        = 1.1014
  τp       = 0.145002      (pin = 0.145002, drift = 0.000e+00)
  τω       = 0.2000
  B        = 9.8599      B/Y = 0.2532
  C/Y      = 0.4780      M/Y = 0.0556
  N_W      = 9.6958      N_R = 4.9900      dep ratio = 0.5147
  DIFF/Y   = -7.857e-05   Euler max log10 = -5.45   reportable = true
  Welfare W₁(g,θ): M_θL=3.2873  M_θH=3.9991  F_θL=3.1683  F_θH=3.8794

Wrote /home/hectorjuan/Dalila/Missions/Funded/BID2/GE-now with Gender/demographic_experiment/results/aging_c2_recovery_gap.csv
Done.
