========================================================================
  Aging comparative-steady-state experiment — IDB seminar 2026-06-05
========================================================================
  Source : /home/hectorjuan/Dalila/Missions/Funded/BID2/GE-now with Gender/demographic_experiment/../ge_model_gender.jl
  J = 17  ·  4 agent types  ·  gender_gap = true  ·  tag = '_gap'
  Toggles: RUN_CONTROL = true  ·  RUN_C3 = false

Initializing grids and Rouwenhorst chain …
  2020 saved : n_p = 0.051010   ψ_male[1..3] = [1.0, 1.0, 1.0]

========================================================================
  RUN: RUN 1 · 2020 baseline (joint closure)
========================================================================
INITIAL GE-Gender  (K₀=12.0, L₀=10.0, damp=0.3, tol=0.0001)
iter   K        L        K/L      r(5y)    w        τp       DIFF/Y
─────  ───────  ───────  ───────  ───────  ───────  ───────  ─────────────
1      12.000   10.000   1.200    0.1634   1.0935   0.1361   -2.719580e-01
2      11.265   12.090   0.932    0.2536   0.9983   0.1429   -1.675483e-01
3      12.197   13.270   0.919    0.2588   0.9934   0.1436   -1.014698e-01
4      12.865   14.067   0.915    0.2608   0.9916   0.1440   -6.655127e-02
5      13.333   14.619   0.912    0.2619   0.9906   0.1443   -4.440533e-02
6      13.655   15.003   0.910    0.2627   0.9899   0.1445   -3.004167e-02
7      13.877   15.269   0.909    0.2632   0.9894   0.1447   -2.048907e-02
8      14.031   15.454   0.908    0.2636   0.9890   0.1448   -1.406046e-02
9      14.139   15.582   0.907    0.2639   0.9888   0.1448   -9.665803e-03
10     14.213   15.671   0.907    0.2640   0.9886   0.1449   -6.671916e-03
11     14.264   15.733   0.907    0.2642   0.9885   0.1449   -4.618330e-03
12     14.300   15.776   0.906    0.2643   0.9884   0.1450   -3.189038e-03
13     14.324   15.805   0.906    0.2643   0.9884   0.1450   -2.213007e-03
14     14.341   15.826   0.906    0.2644   0.9883   0.1450   -1.534537e-03
15     14.353   15.840   0.906    0.2644   0.9883   0.1450   -1.063655e-03
16     14.361   15.850   0.906    0.2644   0.9883   0.1450   -7.364344e-04
17     14.367   15.857   0.906    0.2644   0.9883   0.1450   -5.109202e-04
18     14.371   15.862   0.906    0.2644   0.9882   0.1450   -3.545261e-04
19     14.374   15.865   0.906    0.2645   0.9882   0.1450   -2.460424e-04
20     14.376   15.868   0.906    0.2645   0.9882   0.1450   -1.708322e-04
21     14.377   15.869   0.906    0.2645   0.9882   0.1450   -1.185513e-04
22     14.378   15.870   0.906    0.2645   0.9882   0.1450   -8.234238e-05
  → CONVERGED at iter 22
  → K=14.3779  L=15.8705  r(ann)=4.805%  τp=0.1450  τω=0.2000  B/Y=0.2830
    DIFF/Y=-8.23e-05  Euler max log10=-4.97  reportable=true
  → captured: τp_2020 = 0.145002   B_2020 = 6.9354   B/Y_2020 = 0.2830

========================================================================
  RUN: CONTROL · 2020 via override (gate: ≈ RUN 1)
========================================================================
INITIAL GE-Gender  (K₀=12.0, L₀=10.0, damp=0.3, tol=0.0001)
iter   K        L        K/L      r(5y)    w        τp       DIFF/Y
─────  ───────  ───────  ───────  ───────  ───────  ───────  ─────────────
1      12.000   10.000   1.200    0.1634   1.0935   0.1422   -2.668589e-01
2      9.140    11.958   0.764    0.3350   0.9296   0.1453   -2.576301e-01
3      12.272   13.025   0.942    0.2493   1.0023   0.1431   -1.035542e-01
4      12.706   13.906   0.914    0.2611   0.9913   0.1440   -7.419888e-02
5      13.240   14.507   0.913    0.2616   0.9909   0.1443   -4.869955e-02
6      13.589   14.925   0.911    0.2625   0.9900   0.1445   -3.290143e-02
7      13.832   15.215   0.909    0.2631   0.9895   0.1446   -2.239202e-02
8      14.000   15.416   0.908    0.2635   0.9891   0.1448   -1.536251e-02
9      14.117   15.556   0.907    0.2638   0.9888   0.1448   -1.055695e-02
10     14.198   15.653   0.907    0.2640   0.9887   0.1449   -7.275069e-03
11     14.253   15.720   0.907    0.2641   0.9885   0.1449   -5.034277e-03
12     14.292   15.767   0.906    0.2642   0.9884   0.1449   -3.476807e-03
13     14.319   15.799   0.906    0.2643   0.9884   0.1450   -2.411390e-03
14     14.338   15.822   0.906    0.2644   0.9883   0.1450   -1.676912e-03
15     14.351   15.838   0.906    0.2644   0.9883   0.1450   -1.154791e-03
16     14.360   15.848   0.906    0.2644   0.9883   0.1450   -8.022626e-04
17     14.366   15.856   0.906    0.2644   0.9883   0.1450   -5.565220e-04
18     14.370   15.861   0.906    0.2644   0.9882   0.1450   -3.861819e-04
19     14.373   15.865   0.906    0.2645   0.9882   0.1450   -2.680022e-04
20     14.375   15.867   0.906    0.2645   0.9882   0.1450   -1.860712e-04
21     14.377   15.869   0.906    0.2645   0.9882   0.1450   -1.291283e-04
22     14.378   15.870   0.906    0.2645   0.9882   0.1450   -8.968272e-05
  → CONVERGED at iter 22
  → K=14.3777  L=15.8702  r(ann)=4.805%  τp=0.1450  τω=0.2000  B/Y=0.2830
    DIFF/Y=-8.97e-05  Euler max log10=-4.94  reportable=true
  → smoke-test residuals  |ΔK| = 1.858e-04   |Δτp| = 1.077e-07

========================================================================
  RUN: RUN 2 · 2050 C1 — joint (τp and B endogenous)
========================================================================
INITIAL GE-Gender  (K₀=12.0, L₀=10.0, damp=0.3, tol=0.0001)
iter   K        L        K/L      r(5y)    w        τp       DIFF/Y
─────  ───────  ───────  ───────  ───────  ───────  ───────  ─────────────
1      12.000   10.000   1.200    0.1634   1.0935   0.2650   -8.088429e-01
2      13.863   13.771   1.007    0.2244   1.0265   0.2572   -2.508935e-01
3      16.977   15.729   1.079    0.1994   1.0525   0.2582   -1.393109e-01
4      18.292   17.199   1.064    0.2046   1.0470   0.2600   -8.881938e-02
5      19.199   18.210   1.054    0.2077   1.0437   0.2613   -5.699334e-02
6      19.796   18.902   1.047    0.2101   1.0412   0.2621   -3.736870e-02
7      20.195   19.374   1.042    0.2118   1.0394   0.2626   -2.490741e-02
8      20.467   19.697   1.039    0.2129   1.0382   0.2630   -1.672680e-02
9      20.651   19.918   1.037    0.2137   1.0374   0.2632   -1.128668e-02
10     20.775   20.068   1.035    0.2143   1.0368   0.2634   -7.611005e-03
11     20.858   20.171   1.034    0.2147   1.0364   0.2635   -5.169486e-03
12     20.915   20.241   1.033    0.2149   1.0361   0.2636   -3.516568e-03
13     20.954   20.289   1.033    0.2151   1.0360   0.2637   -2.422801e-03
14     20.981   20.321   1.032    0.2152   1.0358   0.2638   -1.615761e-03
15     20.999   20.344   1.032    0.2153   1.0358   0.2638   -1.112092e-03
16     21.012   20.359   1.032    0.2154   1.0357   0.2638   -7.532594e-04
17     21.020   20.369   1.032    0.2154   1.0357   0.2638   -5.141231e-04
18     21.026   20.376   1.032    0.2154   1.0356   0.2638   -3.523085e-04
19     21.030   20.381   1.032    0.2154   1.0356   0.2638   -2.385492e-04
20     21.032   20.384   1.032    0.2155   1.0356   0.2638   -1.629204e-04
21     21.034   20.386   1.032    0.2155   1.0356   0.2638   -1.114006e-04
22     21.035   20.388   1.032    0.2155   1.0356   0.2638   -7.575176e-05
  → CONVERGED at iter 22
  → K=21.0353  L=20.3878  r(ann)=3.980%  τp=0.2638  τω=0.2000  B/Y=0.2286
    DIFF/Y=-7.58e-05  Euler max log10=-4.39  reportable=true

========================================================================
  RUN: RUN 3 · 2050 C2 — τp pinned at 2020, B absorbs
========================================================================
INITIAL GE-Gender  (K₀=12.0, L₀=10.0, damp=0.3, tol=0.0001)
iter   K        L        K/L      r(5y)    w        τp       DIFF/Y
─────  ───────  ───────  ───────  ───────  ───────  ───────  ─────────────
1      12.000   10.000   1.200    0.1634   1.0935   0.2613   -5.335148e-01
2      12.249   13.253   0.924    0.2567   0.9954   0.2592   -3.485671e-01
3      16.970   15.307   1.109    0.1901   1.0628   0.2572   -1.439387e-01
4      18.019   16.918   1.065    0.2041   1.0475   0.2598   -9.945941e-02
5      19.038   18.019   1.057    0.2070   1.0445   0.2610   -6.248429e-02
6      19.685   18.771   1.049    0.2096   1.0417   0.2619   -4.093673e-02
7      20.121   19.285   1.043    0.2115   1.0398   0.2625   -2.724028e-02
8      20.416   19.636   1.040    0.2127   1.0385   0.2629   -1.823246e-02
9      20.616   19.876   1.037    0.2136   1.0376   0.2632   -1.229943e-02
10     20.752   20.040   1.036    0.2142   1.0370   0.2634   -8.292705e-03
11     20.843   20.152   1.034    0.2146   1.0365   0.2635   -5.635460e-03

[1878226] signal 2: Interrupt
in expression starting at /home/hectorjuan/Dalila/Missions/Funded/BID2/GE-now with Gender/demographic_experiment/run_aging_ssvs.jl:410
unknown function (ip: 0x778164e98d6f)
pthread_cond_wait at /lib/x86_64-linux-gnu/libc.so.6 (unknown line)
uv_cond_wait at /workspace/srcdir/libuv/src/unix/thread.c:822
jl_parallel_gc_threadfun at /cache/build/builder-demeter6-3/julialang/julia-release-1-dot-11/src/scheduler.c:148
unknown function (ip: 0x778164e9caa3)
unknown function (ip: 0x778164f29c6b)
unknown function (ip: (nil))
unknown function (ip: 0x778164e98d6f)
pthread_cond_wait at /lib/x86_64-linux-gnu/libc.so.6 (unknown line)
uv_cond_wait at /workspace/srcdir/libuv/src/unix/thread.c:822
jl_parallel_gc_threadfun at /cache/build/builder-demeter6-3/julialang/julia-release-1-dot-11/src/scheduler.c:148
unknown function (ip: 0x778164e9caa3)
unknown function (ip: 0x778164f29c6b)
unknown function (ip: (nil))
unknown function (ip: 0x778164e98d6f)
pthread_cond_wait at /lib/x86_64-linux-gnu/libc.so.6 (unknown line)
uv_cond_wait at /workspace/srcdir/libuv/src/unix/thread.c:822
jl_parallel_gc_threadfun at /cache/build/builder-demeter6-3/julialang/julia-release-1-dot-11/src/scheduler.c:148
unknown function (ip: 0x778164e9caa3)
unknown function (ip: 0x778164f29c6b)
unknown function (ip: (nil))
unknown function (ip: 0x778164e98d6f)
pthread_cond_wait at /lib/x86_64-linux-gnu/libc.so.6 (unknown line)
uv_cond_wait at /workspace/srcdir/libuv/src/unix/thread.c:822
jl_parallel_gc_threadfun at /cache/build/builder-demeter6-3/julialang/julia-release-1-dot-11/src/scheduler.c:148
unknown function (ip: 0x778164e9caa3)
unknown function (ip: 0x778164f29c6b)
unknown function (ip: (nil))
unknown function (ip: 0x778164e98d6f)
pthread_cond_wait at /lib/x86_64-linux-gnu/libc.so.6 (unknown line)
uv_cond_wait at /workspace/srcdir/libuv/src/unix/thread.c:822
jl_parallel_gc_threadfun at /cache/build/builder-demeter6-3/julialang/julia-release-1-dot-11/src/scheduler.c:148
unknown function (ip: 0x778164e9caa3)
unknown function (ip: 0x778164f29c6b)
unknown function (ip: (nil))
unknown function (ip: 0x778164e98d6f)
pthread_cond_wait at /lib/x86_64-linux-gnu/libc.so.6 (unknown line)
uv_cond_wait at /workspace/srcdir/libuv/src/unix/thread.c:822
jl_parallel_gc_threadfun at /cache/build/builder-demeter6-3/julialang/julia-release-1-dot-11/src/scheduler.c:148
unknown function (ip: 0x778164e9caa3)
unknown function (ip: 0x778164f29c6b)
unknown function (ip: (nil))
unknown function (ip: 0x778164e98d6f)
pthread_cond_wait at /lib/x86_64-linux-gnu/libc.so.6 (unknown line)
uv_cond_wait at /workspace/srcdir/libuv/src/unix/thread.c:822
jl_parallel_gc_threadfun at /cache/build/builder-demeter6-3/julialang/julia-release-1-dot-11/src/scheduler.c:148
unknown function (ip: 0x778164e9caa3)
unknown function (ip: 0x778164f29c6b)
unknown function (ip: (nil))
__mod_julfort_MOD_linint_grow_1 at /home/hectorjuan/.julia/packages/DynamicProgrammingUtils/Me0FN/src/fortran_wrappers/mod_julfort.so (unknown line)
linint_Grow at /home/hectorjuan/.julia/packages/DynamicProgrammingUtils/Me0FN/src/fortran_wrappers/mod_julfort.so (unknown line)
linint_Grow at /home/hectorjuan/.julia/packages/DynamicProgrammingUtils/Me0FN/src/dynamic-programming-utils.jl:178
health_interp at /home/hectorjuan/Dalila/Missions/Funded/BID2/GE-now with Gender/ge_model_gender.jl:317 [inlined]
interp_pol at /home/hectorjuan/Dalila/Missions/Funded/BID2/GE-now with Gender/ge_model_gender.jl:331
expected_uc_next at /home/hectorjuan/Dalila/Missions/Funded/BID2/GE-now with Gender/ge_model_gender.jl:343
euler_residual at /home/hectorjuan/Dalila/Missions/Funded/BID2/GE-now with Gender/ge_model_gender.jl:358
#brent_aprime#15 at /home/hectorjuan/Dalila/Missions/Funded/BID2/GE-now with Gender/ge_model_gender.jl:422 [inlined]
brent_aprime at /home/hectorjuan/Dalila/Missions/Funded/BID2/GE-now with Gender/ge_model_gender.jl:385 [inlined]
solve_aprime_given_m at /home/hectorjuan/Dalila/Missions/Funded/BID2/GE-now with Gender/ge_model_gender.jl:470
solve_cell at /home/hectorjuan/Dalila/Missions/Funded/BID2/GE-now with Gender/ge_model_gender.jl:498
macro expansion at /home/hectorjuan/Dalila/Missions/Funded/BID2/GE-now with Gender/ge_model_gender.jl:568 [inlined]
#26#threadsfor_fun#17 at ./threadingconstructs.jl:253
#26#threadsfor_fun at ./threadingconstructs.jl:220 [inlined]
#1 at ./threadingconstructs.jl:154
unknown function (ip: 0x7780d5345b5f)
jl_apply at /cache/build/builder-demeter6-3/julialang/julia-release-1-dot-11/src/julia.h:2157 [inlined]
start_task at /cache/build/builder-demeter6-3/julialang/julia-release-1-dot-11/src/task.c:1202
unknown function (ip: (nil))
getindex at ./essentials.jl:916 [inlined]
linint_Grow at /home/hectorjuan/.julia/packages/DynamicProgrammingUtils/Me0FN/src/dynamic-programming-utils.jl:183
health_interp at /home/hectorjuan/Dalila/Missions/Funded/BID2/GE-now with Gender/ge_model_gender.jl:317 [inlined]
interp_pol at /home/hectorjuan/Dalila/Missions/Funded/BID2/GE-now with Gender/ge_model_gender.jl:331
expected_uc_next at /home/hectorjuan/Dalila/Missions/Funded/BID2/GE-now with Gender/ge_model_gender.jl:343
euler_residual at /home/hectorjuan/Dalila/Missions/Funded/BID2/GE-now with Gender/ge_model_gender.jl:358
#brent_aprime#15 at /home/hectorjuan/Dalila/Missions/Funded/BID2/GE-now with Gender/ge_model_gender.jl:422 [inlined]
brent_aprime at /home/hectorjuan/Dalila/Missions/Funded/BID2/GE-now with Gender/ge_model_gender.jl:385 [inlined]
solve_aprime_given_m at /home/hectorjuan/Dalila/Missions/Funded/BID2/GE-now with Gender/ge_model_gender.jl:470
solve_cell at /home/hectorjuan/Dalila/Missions/Funded/BID2/GE-now with Gender/ge_model_gender.jl:498
macro expansion at /home/hectorjuan/Dalila/Missions/Funded/BID2/GE-now with Gender/ge_model_gender.jl:568 [inlined]
#26#threadsfor_fun#17 at ./threadingconstructs.jl:253
#26#threadsfor_fun at ./threadingconstructs.jl:220 [inlined]
#1 at ./threadingconstructs.jl:154
unknown function (ip: 0x7780d5345b5f)
jl_apply at /cache/build/builder-demeter6-3/julialang/julia-release-1-dot-11/src/julia.h:2157 [inlined]
start_task at /cache/build/builder-demeter6-3/julialang/julia-release-1-dot-11/src/task.c:1202
unknown function (ip: (nil))
getindex at ./essentials.jl:916 [inlined]
health_interp at /home/hectorjuan/Dalila/Missions/Funded/BID2/GE-now with Gender/ge_model_gender.jl:317 [inlined]
interp_pol at /home/hectorjuan/Dalila/Missions/Funded/BID2/GE-now with Gender/ge_model_gender.jl:331
expected_uc_next at /home/hectorjuan/Dalila/Missions/Funded/BID2/GE-now with Gender/ge_model_gender.jl:343
euler_residual at /home/hectorjuan/Dalila/Missions/Funded/BID2/GE-now with Gender/ge_model_gender.jl:358
#brent_aprime#15 at /home/hectorjuan/Dalila/Missions/Funded/BID2/GE-now with Gender/ge_model_gender.jl:422 [inlined]
brent_aprime at /home/hectorjuan/Dalila/Missions/Funded/BID2/GE-now with Gender/ge_model_gender.jl:385 [inlined]
solve_aprime_given_m at /home/hectorjuan/Dalila/Missions/Funded/BID2/GE-now with Gender/ge_model_gender.jl:470
solve_cell at /home/hectorjuan/Dalila/Missions/Funded/BID2/GE-now with Gender/ge_model_gender.jl:498
macro expansion at /home/hectorjuan/Dalila/Missions/Funded/BID2/GE-now with Gender/ge_model_gender.jl:568 [inlined]
#26#threadsfor_fun#17 at ./threadingconstructs.jl:253
#26#threadsfor_fun at ./threadingconstructs.jl:220 [inlined]
#1 at ./threadingconstructs.jl:154
unknown function (ip: 0x7780d5345b5f)
jl_apply at /cache/build/builder-demeter6-3/julialang/julia-release-1-dot-11/src/julia.h:2157 [inlined]
start_task at /cache/build/builder-demeter6-3/julialang/julia-release-1-dot-11/src/task.c:1202
unknown function (ip: (nil))
getindex at ./essentials.jl:916 [inlined]
health_interp at /home/hectorjuan/Dalila/Missions/Funded/BID2/GE-now with Gender/ge_model_gender.jl:317 [inlined]
interp_pol at /home/hectorjuan/Dalila/Missions/Funded/BID2/GE-now with Gender/ge_model_gender.jl:331
expected_uc_next at /home/hectorjuan/Dalila/Missions/Funded/BID2/GE-now with Gender/ge_model_gender.jl:342
euler_residual at /home/hectorjuan/Dalila/Missions/Funded/BID2/GE-now with Gender/ge_model_gender.jl:358
#brent_aprime#15 at /home/hectorjuan/Dalila/Missions/Funded/BID2/GE-now with Gender/ge_model_gender.jl:422 [inlined]
brent_aprime at /home/hectorjuan/Dalila/Missions/Funded/BID2/GE-now with Gender/ge_model_gender.jl:385 [inlined]
solve_aprime_given_m at /home/hectorjuan/Dalila/Missions/Funded/BID2/GE-now with Gender/ge_model_gender.jl:470
solve_cell at /home/hectorjuan/Dalila/Missions/Funded/BID2/GE-now with Gender/ge_model_gender.jl:498
macro expansion at /home/hectorjuan/Dalila/Missions/Funded/BID2/GE-now with Gender/ge_model_gender.jl:568 [inlined]
#26#threadsfor_fun#17 at ./threadingconstructs.jl:253
#26#threadsfor_fun at ./threadingconstructs.jl:220 [inlined]
#1 at ./threadingconstructs.jl:154
unknown function (ip: 0x7780d5345b5f)
jl_apply at /cache/build/builder-demeter6-3/julialang/julia-release-1-dot-11/src/julia.h:2157 [inlined]
start_task at /cache/build/builder-demeter6-3/julialang/julia-release-1-dot-11/src/task.c:1202
unknown function (ip: (nil))
^ at ./math.jl:1155 [inlined]
marginal_utility_c at /home/hectorjuan/Dalila/Missions/Funded/BID2/GE-now with Gender/ge_model_gender.jl:232 [inlined]
expected_uc_next at /home/hectorjuan/Dalila/Missions/Funded/BID2/GE-now with Gender/ge_model_gender.jl:344
euler_residual at /home/hectorjuan/Dalila/Missions/Funded/BID2/GE-now with Gender/ge_model_gender.jl:358
#brent_aprime#15 at /home/hectorjuan/Dalila/Missions/Funded/BID2/GE-now with Gender/ge_model_gender.jl:422 [inlined]
brent_aprime at /home/hectorjuan/Dalila/Missions/Funded/BID2/GE-now with Gender/ge_model_gender.jl:385 [inlined]
solve_aprime_given_m at /home/hectorjuan/Dalila/Missions/Funded/BID2/GE-now with Gender/ge_model_gender.jl:470
solve_cell at /home/hectorjuan/Dalila/Missions/Funded/BID2/GE-now with Gender/ge_model_gender.jl:498
macro expansion at /home/hectorjuan/Dalila/Missions/Funded/BID2/GE-now with Gender/ge_model_gender.jl:568 [inlined]
#26#threadsfor_fun#17 at ./threadingconstructs.jl:253
#26#threadsfor_fun at ./threadingconstructs.jl:220 [inlined]
#1 at ./threadingconstructs.jl:154
unknown function (ip: 0x7780d5345b5f)
jl_apply at /cache/build/builder-demeter6-3/julialang/julia-release-1-dot-11/src/julia.h:2157 [inlined]
start_task at /cache/build/builder-demeter6-3/julialang/julia-release-1-dot-11/src/task.c:1202
unknown function (ip: (nil))
getindex at ./essentials.jl:917 [inlined]
asset_interp at /home/hectorjuan/Dalila/Missions/Funded/BID2/GE-now with Gender/ge_model_gender.jl:305 [inlined]
interp_pol at /home/hectorjuan/Dalila/Missions/Funded/BID2/GE-now with Gender/ge_model_gender.jl:330
expected_uc_next at /home/hectorjuan/Dalila/Missions/Funded/BID2/GE-now with Gender/ge_model_gender.jl:342
euler_residual at /home/hectorjuan/Dalila/Missions/Funded/BID2/GE-now with Gender/ge_model_gender.jl:358
#brent_aprime#15 at /home/hectorjuan/Dalila/Missions/Funded/BID2/GE-now with Gender/ge_model_gender.jl:422 [inlined]
brent_aprime at /home/hectorjuan/Dalila/Missions/Funded/BID2/GE-now with Gender/ge_model_gender.jl:385 [inlined]
solve_aprime_given_m at /home/hectorjuan/Dalila/Missions/Funded/BID2/GE-now with Gender/ge_model_gender.jl:470
solve_cell at /home/hectorjuan/Dalila/Missions/Funded/BID2/GE-now with Gender/ge_model_gender.jl:498
macro expansion at /home/hectorjuan/Dalila/Missions/Funded/BID2/GE-now with Gender/ge_model_gender.jl:568 [inlined]
#26#threadsfor_fun#17 at ./threadingconstructs.jl:253
#26#threadsfor_fun at ./threadingconstructs.jl:220 [inlined]
#1 at ./threadingconstructs.jl:154
unknown function (ip: 0x7780d5345b5f)
jl_apply at /cache/build/builder-demeter6-3/julialang/julia-release-1-dot-11/src/julia.h:2157 [inlined]
start_task at /cache/build/builder-demeter6-3/julialang/julia-release-1-dot-11/src/task.c:1202
unknown function (ip: (nil))
__mod_julfort_MOD_linint_grow_1 at /home/hectorjuan/.julia/packages/DynamicProgrammingUtils/Me0FN/src/fortran_wrappers/mod_julfort.so (unknown line)
linint_Grow at /home/hectorjuan/.julia/packages/DynamicProgrammingUtils/Me0FN/src/fortran_wrappers/mod_julfort.so (unknown line)
linint_Grow at /home/hectorjuan/.julia/packages/DynamicProgrammingUtils/Me0FN/src/dynamic-programming-utils.jl:178
asset_interp at /home/hectorjuan/Dalila/Missions/Funded/BID2/GE-now with Gender/ge_model_gender.jl:305 [inlined]
interp_pol at /home/hectorjuan/Dalila/Missions/Funded/BID2/GE-now with Gender/ge_model_gender.jl:330
expected_uc_next at /home/hectorjuan/Dalila/Missions/Funded/BID2/GE-now with Gender/ge_model_gender.jl:343
euler_residual at /home/hectorjuan/Dalila/Missions/Funded/BID2/GE-now with Gender/ge_model_gender.jl:358
#brent_aprime#15 at /home/hectorjuan/Dalila/Missions/Funded/BID2/GE-now with Gender/ge_model_gender.jl:422 [inlined]
brent_aprime at /home/hectorjuan/Dalila/Missions/Funded/BID2/GE-now with Gender/ge_model_gender.jl:385 [inlined]
solve_aprime_given_m at /home/hectorjuan/Dalila/Missions/Funded/BID2/GE-now with Gender/ge_model_gender.jl:470
solve_cell at /home/hectorjuan/Dalila/Missions/Funded/BID2/GE-now with Gender/ge_model_gender.jl:498
macro expansion at /home/hectorjuan/Dalila/Missions/Funded/BID2/GE-now with Gender/ge_model_gender.jl:568 [inlined]
#26#threadsfor_fun#17 at ./threadingconstructs.jl:253
#26#threadsfor_fun at ./threadingconstructs.jl:220 [inlined]
#1 at ./threadingconstructs.jl:154
unknown function (ip: 0x7780d5345b5f)
jl_apply at /cache/build/builder-demeter6-3/julialang/julia-release-1-dot-11/src/julia.h:2157 [inlined]
start_task at /cache/build/builder-demeter6-3/julialang/julia-release-1-dot-11/src/task.c:1202
unknown function (ip: (nil))
== at ./promotion.jl:639 [inlined]
^ at ./math.jl:1147 [inlined]
disutility_of_labor at /home/hectorjuan/Dalila/Missions/Funded/BID2/GE-now with Gender/ge_model_gender.jl:221 [inlined]
ghh_z at /home/hectorjuan/Dalila/Missions/Funded/BID2/GE-now with Gender/ge_model_gender.jl:222 [inlined]
marginal_utility_c at /home/hectorjuan/Dalila/Missions/Funded/BID2/GE-now with Gender/ge_model_gender.jl:231 [inlined]
expected_uc_next at /home/hectorjuan/Dalila/Missions/Funded/BID2/GE-now with Gender/ge_model_gender.jl:344
euler_residual at /home/hectorjuan/Dalila/Missions/Funded/BID2/GE-now with Gender/ge_model_gender.jl:358
#brent_aprime#15 at /home/hectorjuan/Dalila/Missions/Funded/BID2/GE-now with Gender/ge_model_gender.jl:422 [inlined]
brent_aprime at /home/hectorjuan/Dalila/Missions/Funded/BID2/GE-now with Gender/ge_model_gender.jl:385 [inlined]
solve_aprime_given_m at /home/hectorjuan/Dalila/Missions/Funded/BID2/GE-now with Gender/ge_model_gender.jl:470
solve_cell at /home/hectorjuan/Dalila/Missions/Funded/BID2/GE-now with Gender/ge_model_gender.jl:498
macro expansion at /home/hectorjuan/Dalila/Missions/Funded/BID2/GE-now with Gender/ge_model_gender.jl:568 [inlined]
#26#threadsfor_fun#17 at ./threadingconstructs.jl:253
#26#threadsfor_fun at ./threadingconstructs.jl:220 [inlined]
#1 at ./threadingconstructs.jl:154
unknown function (ip: 0x7780d5345b5f)
jl_apply at /cache/build/builder-demeter6-3/julialang/julia-release-1-dot-11/src/julia.h:2157 [inlined]
start_task at /cache/build/builder-demeter6-3/julialang/julia-release-1-dot-11/src/task.c:1202
unknown function (ip: (nil))
cconvert at ./pointer.jl:65 [inlined]
linint_Grow at /home/hectorjuan/.julia/packages/DynamicProgrammingUtils/Me0FN/src/dynamic-programming-utils.jl:178
asset_interp at /home/hectorjuan/Dalila/Missions/Funded/BID2/GE-now with Gender/ge_model_gender.jl:305 [inlined]
interp_pol at /home/hectorjuan/Dalila/Missions/Funded/BID2/GE-now with Gender/ge_model_gender.jl:330
expected_uc_next at /home/hectorjuan/Dalila/Missions/Funded/BID2/GE-now with Gender/ge_model_gender.jl:342
euler_residual at /home/hectorjuan/Dalila/Missions/Funded/BID2/GE-now with Gender/ge_model_gender.jl:358
#brent_aprime#15 at /home/hectorjuan/Dalila/Missions/Funded/BID2/GE-now with Gender/ge_model_gender.jl:422 [inlined]
brent_aprime at /home/hectorjuan/Dalila/Missions/Funded/BID2/GE-now with Gender/ge_model_gender.jl:385 [inlined]
solve_aprime_given_m at /home/hectorjuan/Dalila/Missions/Funded/BID2/GE-now with Gender/ge_model_gender.jl:470
solve_cell at /home/hectorjuan/Dalila/Missions/Funded/BID2/GE-now with Gender/ge_model_gender.jl:498
macro expansion at /home/hectorjuan/Dalila/Missions/Funded/BID2/GE-now with Gender/ge_model_gender.jl:568 [inlined]
#26#threadsfor_fun#17 at ./threadingconstructs.jl:253
#26#threadsfor_fun at ./threadingconstructs.jl:220 [inlined]
#1 at ./threadingconstructs.jl:154
unknown function (ip: 0x7780d5345b5f)
jl_apply at /cache/build/builder-demeter6-3/julialang/julia-release-1-dot-11/src/julia.h:2157 [inlined]
start_task at /cache/build/builder-demeter6-3/julialang/julia-release-1-dot-11/src/task.c:1202
unknown function (ip: (nil))
logf64 at /lib/x86_64-linux-gnu/libm.so.6 (unknown line)
__mod_julfort_MOD_grid_inv_grow_1 at /home/hectorjuan/.julia/packages/DynamicProgrammingUtils/Me0FN/src/fortran_wrappers/mod_julfort.so (unknown line)
__mod_julfort_MOD_linint_grow_1 at /home/hectorjuan/.julia/packages/DynamicProgrammingUtils/Me0FN/src/fortran_wrappers/mod_julfort.so (unknown line)
linint_Grow at /home/hectorjuan/.julia/packages/DynamicProgrammingUtils/Me0FN/src/fortran_wrappers/mod_julfort.so (unknown line)
linint_Grow at /home/hectorjuan/.julia/packages/DynamicProgrammingUtils/Me0FN/src/dynamic-programming-utils.jl:178
asset_interp at /home/hectorjuan/Dalila/Missions/Funded/BID2/GE-now with Gender/ge_model_gender.jl:305 [inlined]
interp_pol at /home/hectorjuan/Dalila/Missions/Funded/BID2/GE-now with Gender/ge_model_gender.jl:330
expected_uc_next at /home/hectorjuan/Dalila/Missions/Funded/BID2/GE-now with Gender/ge_model_gender.jl:343
euler_residual at /home/hectorjuan/Dalila/Missions/Funded/BID2/GE-now with Gender/ge_model_gender.jl:358
#brent_aprime#15 at /home/hectorjuan/Dalila/Missions/Funded/BID2/GE-now with Gender/ge_model_gender.jl:422 [inlined]
brent_aprime at /home/hectorjuan/Dalila/Missions/Funded/BID2/GE-now with Gender/ge_model_gender.jl:385 [inlined]
solve_aprime_given_m at /home/hectorjuan/Dalila/Missions/Funded/BID2/GE-now with Gender/ge_model_gender.jl:470
solve_cell at /home/hectorjuan/Dalila/Missions/Funded/BID2/GE-now with Gender/ge_model_gender.jl:498
macro expansion at /home/hectorjuan/Dalila/Missions/Funded/BID2/GE-now with Gender/ge_model_gender.jl:568 [inlined]
#26#threadsfor_fun#17 at ./threadingconstructs.jl:253
#26#threadsfor_fun at ./threadingconstructs.jl:220 [inlined]
#1 at ./threadingconstructs.jl:154
unknown function (ip: 0x7780d5345b5f)
jl_apply at /cache/build/builder-demeter6-3/julialang/julia-release-1-dot-11/src/julia.h:2157 [inlined]
start_task at /cache/build/builder-demeter6-3/julialang/julia-release-1-dot-11/src/task.c:1202
unknown function (ip: (nil))
getindex at ./essentials.jl:917 [inlined]
asset_interp at /home/hectorjuan/Dalila/Missions/Funded/BID2/GE-now with Gender/ge_model_gender.jl:305 [inlined]
interp_pol at /home/hectorjuan/Dalila/Missions/Funded/BID2/GE-now with Gender/ge_model_gender.jl:330
expected_uc_next at /home/hectorjuan/Dalila/Missions/Funded/BID2/GE-now with Gender/ge_model_gender.jl:342
euler_residual at /home/hectorjuan/Dalila/Missions/Funded/BID2/GE-now with Gender/ge_model_gender.jl:358
#brent_aprime#15 at /home/hectorjuan/Dalila/Missions/Funded/BID2/GE-now with Gender/ge_model_gender.jl:422 [inlined]
brent_aprime at /home/hectorjuan/Dalila/Missions/Funded/BID2/GE-now with Gender/ge_model_gender.jl:385 [inlined]
solve_aprime_given_m at /home/hectorjuan/Dalila/Missions/Funded/BID2/GE-now with Gender/ge_model_gender.jl:470
solve_cell at /home/hectorjuan/Dalila/Missions/Funded/BID2/GE-now with Gender/ge_model_gender.jl:498
macro expansion at /home/hectorjuan/Dalila/Missions/Funded/BID2/GE-now with Gender/ge_model_gender.jl:568 [inlined]
#26#threadsfor_fun#17 at ./threadingconstructs.jl:253
#26#threadsfor_fun at ./threadingconstructs.jl:220 [inlined]
#1 at ./threadingconstructs.jl:154
unknown function (ip: 0x7780d5345b5f)
jl_apply at /cache/build/builder-demeter6-3/julialang/julia-release-1-dot-11/src/julia.h:2157 [inlined]
start_task at /cache/build/builder-demeter6-3/julialang/julia-release-1-dot-11/src/task.c:1202
unknown function (ip: (nil))
unknown function (ip: 0x778164d913fc)
powf64 at /lib/x86_64-linux-gnu/libm.so.6 (unknown line)
__mod_julfort_MOD_linint_grow_1 at /home/hectorjuan/.julia/packages/DynamicProgrammingUtils/Me0FN/src/fortran_wrappers/mod_julfort.so (unknown line)
linint_Grow at /home/hectorjuan/.julia/packages/DynamicProgrammingUtils/Me0FN/src/fortran_wrappers/mod_julfort.so (unknown line)
linint_Grow at /home/hectorjuan/.julia/packages/DynamicProgrammingUtils/Me0FN/src/dynamic-programming-utils.jl:178
health_interp at /home/hectorjuan/Dalila/Missions/Funded/BID2/GE-now with Gender/ge_model_gender.jl:317 [inlined]
interp_pol at /home/hectorjuan/Dalila/Missions/Funded/BID2/GE-now with Gender/ge_model_gender.jl:331
expected_uc_next at /home/hectorjuan/Dalila/Missions/Funded/BID2/GE-now with Gender/ge_model_gender.jl:342
euler_residual at /home/hectorjuan/Dalila/Missions/Funded/BID2/GE-now with Gender/ge_model_gender.jl:358
#brent_aprime#15 at /home/hectorjuan/Dalila/Missions/Funded/BID2/GE-now with Gender/ge_model_gender.jl:422 [inlined]
brent_aprime at /home/hectorjuan/Dalila/Missions/Funded/BID2/GE-now with Gender/ge_model_gender.jl:385 [inlined]
solve_aprime_given_m at /home/hectorjuan/Dalila/Missions/Funded/BID2/GE-now with Gender/ge_model_gender.jl:470
solve_cell at /home/hectorjuan/Dalila/Missions/Funded/BID2/GE-now with Gender/ge_model_gender.jl:498
macro expansion at /home/hectorjuan/Dalila/Missions/Funded/BID2/GE-now with Gender/ge_model_gender.jl:568 [inlined]
#26#threadsfor_fun#17 at ./threadingconstructs.jl:253
#26#threadsfor_fun at ./threadingconstructs.jl:220 [inlined]
#1 at ./threadingconstructs.jl:154
unknown function (ip: 0x7780d5345b5f)
jl_apply at /cache/build/builder-demeter6-3/julialang/julia-release-1-dot-11/src/julia.h:2157 [inlined]
start_task at /cache/build/builder-demeter6-3/julialang/julia-release-1-dot-11/src/task.c:1202
unknown function (ip: (nil))
getindex at ./essentials.jl:917 [inlined]
asset_interp at /home/hectorjuan/Dalila/Missions/Funded/BID2/GE-now with Gender/ge_model_gender.jl:305 [inlined]
interp_pol at /home/hectorjuan/Dalila/Missions/Funded/BID2/GE-now with Gender/ge_model_gender.jl:330
expected_uc_next at /home/hectorjuan/Dalila/Missions/Funded/BID2/GE-now with Gender/ge_model_gender.jl:343
euler_residual at /home/hectorjuan/Dalila/Missions/Funded/BID2/GE-now with Gender/ge_model_gender.jl:358
#brent_aprime#15 at /home/hectorjuan/Dalila/Missions/Funded/BID2/GE-now with Gender/ge_model_gender.jl:422 [inlined]
brent_aprime at /home/hectorjuan/Dalila/Missions/Funded/BID2/GE-now with Gender/ge_model_gender.jl:385 [inlined]
solve_aprime_given_m at /home/hectorjuan/Dalila/Missions/Funded/BID2/GE-now with Gender/ge_model_gender.jl:470
solve_cell at /home/hectorjuan/Dalila/Missions/Funded/BID2/GE-now with Gender/ge_model_gender.jl:498
macro expansion at /home/hectorjuan/Dalila/Missions/Funded/BID2/GE-now with Gender/ge_model_gender.jl:568 [inlined]
#26#threadsfor_fun#17 at ./threadingconstructs.jl:253
#26#threadsfor_fun at ./threadingconstructs.jl:220 [inlined]
#1 at ./threadingconstructs.jl:154
unknown function (ip: 0x7780d5345b5f)
jl_apply at /cache/build/builder-demeter6-3/julialang/julia-release-1-dot-11/src/julia.h:2157 [inlined]
start_task at /cache/build/builder-demeter6-3/julialang/julia-release-1-dot-11/src/task.c:1202
unknown function (ip: (nil))
getindex at ./essentials.jl:917 [inlined]
health_interp at /home/hectorjuan/Dalila/Missions/Funded/BID2/GE-now with Gender/ge_model_gender.jl:317 [inlined]
interp_pol at /home/hectorjuan/Dalila/Missions/Funded/BID2/GE-now with Gender/ge_model_gender.jl:331
expected_uc_next at /home/hectorjuan/Dalila/Missions/Funded/BID2/GE-now with Gender/ge_model_gender.jl:342
euler_residual at /home/hectorjuan/Dalila/Missions/Funded/BID2/GE-now with Gender/ge_model_gender.jl:358
#brent_aprime#15 at /home/hectorjuan/Dalila/Missions/Funded/BID2/GE-now with Gender/ge_model_gender.jl:422 [inlined]
brent_aprime at /home/hectorjuan/Dalila/Missions/Funded/BID2/GE-now with Gender/ge_model_gender.jl:385 [inlined]
solve_aprime_given_m at /home/hectorjuan/Dalila/Missions/Funded/BID2/GE-now with Gender/ge_model_gender.jl:470
solve_cell at /home/hectorjuan/Dalila/Missions/Funded/BID2/GE-now with Gender/ge_model_gender.jl:498
macro expansion at /home/hectorjuan/Dalila/Missions/Funded/BID2/GE-now with Gender/ge_model_gender.jl:568 [inlined]
#26#threadsfor_fun#17 at ./threadingconstructs.jl:253
#26#threadsfor_fun at ./threadingconstructs.jl:220 [inlined]
#1 at ./threadingconstructs.jl:154
unknown function (ip: 0x7780d5345b5f)
jl_apply at /cache/build/builder-demeter6-3/julialang/julia-release-1-dot-11/src/julia.h:2157 [inlined]
start_task at /cache/build/builder-demeter6-3/julialang/julia-release-1-dot-11/src/task.c:1202
unknown function (ip: (nil))
getindex at ./essentials.jl:917 [inlined]
linint_Grow at /home/hectorjuan/.julia/packages/DynamicProgrammingUtils/Me0FN/src/dynamic-programming-utils.jl:183
asset_interp at /home/hectorjuan/Dalila/Missions/Funded/BID2/GE-now with Gender/ge_model_gender.jl:305 [inlined]
interp_pol at /home/hectorjuan/Dalila/Missions/Funded/BID2/GE-now with Gender/ge_model_gender.jl:330
expected_uc_next at /home/hectorjuan/Dalila/Missions/Funded/BID2/GE-now with Gender/ge_model_gender.jl:343
euler_residual at /home/hectorjuan/Dalila/Missions/Funded/BID2/GE-now with Gender/ge_model_gender.jl:358
solve_aprime_given_m at /home/hectorjuan/Dalila/Missions/Funded/BID2/GE-now with Gender/ge_model_gender.jl:466
solve_cell at /home/hectorjuan/Dalila/Missions/Funded/BID2/GE-now with Gender/ge_model_gender.jl:498
macro expansion at /home/hectorjuan/Dalila/Missions/Funded/BID2/GE-now with Gender/ge_model_gender.jl:568 [inlined]
#26#threadsfor_fun#17 at ./threadingconstructs.jl:253
#26#threadsfor_fun at ./threadingconstructs.jl:220 [inlined]
#1 at ./threadingconstructs.jl:154
unknown function (ip: 0x7780d5345b5f)
jl_apply at /cache/build/builder-demeter6-3/julialang/julia-release-1-dot-11/src/julia.h:2157 [inlined]
start_task at /cache/build/builder-demeter6-3/julialang/julia-release-1-dot-11/src/task.c:1202
unknown function (ip: (nil))
__mod_julfort_MOD_grid_inv_grow_1 at /home/hectorjuan/.julia/packages/DynamicProgrammingUtils/Me0FN/src/fortran_wrappers/mod_julfort.so (unknown line)
__mod_julfort_MOD_linint_grow_1 at /home/hectorjuan/.julia/packages/DynamicProgrammingUtils/Me0FN/src/fortran_wrappers/mod_julfort.so (unknown line)
linint_Grow at /home/hectorjuan/.julia/packages/DynamicProgrammingUtils/Me0FN/src/fortran_wrappers/mod_julfort.so (unknown line)
linint_Grow at /home/hectorjuan/.julia/packages/DynamicProgrammingUtils/Me0FN/src/dynamic-programming-utils.jl:178
asset_interp at /home/hectorjuan/Dalila/Missions/Funded/BID2/GE-now with Gender/ge_model_gender.jl:305 [inlined]
interp_pol at /home/hectorjuan/Dalila/Missions/Funded/BID2/GE-now with Gender/ge_model_gender.jl:330
expected_uc_next at /home/hectorjuan/Dalila/Missions/Funded/BID2/GE-now with Gender/ge_model_gender.jl:342
euler_residual at /home/hectorjuan/Dalila/Missions/Funded/BID2/GE-now with Gender/ge_model_gender.jl:358
#brent_aprime#15 at /home/hectorjuan/Dalila/Missions/Funded/BID2/GE-now with Gender/ge_model_gender.jl:422 [inlined]
brent_aprime at /home/hectorjuan/Dalila/Missions/Funded/BID2/GE-now with Gender/ge_model_gender.jl:385 [inlined]
solve_aprime_given_m at /home/hectorjuan/Dalila/Missions/Funded/BID2/GE-now with Gender/ge_model_gender.jl:470
solve_cell at /home/hectorjuan/Dalila/Missions/Funded/BID2/GE-now with Gender/ge_model_gender.jl:498
macro expansion at /home/hectorjuan/Dalila/Missions/Funded/BID2/GE-now with Gender/ge_model_gender.jl:568 [inlined]
#26#threadsfor_fun#17 at ./threadingconstructs.jl:253
#26#threadsfor_fun at ./threadingconstructs.jl:220 [inlined]
#1 at ./threadingconstructs.jl:154
unknown function (ip: 0x7780d5345b5f)
jl_apply at /cache/build/builder-demeter6-3/julialang/julia-release-1-dot-11/src/julia.h:2157 [inlined]
start_task at /cache/build/builder-demeter6-3/julialang/julia-release-1-dot-11/src/task.c:1202
unknown function (ip: (nil))
Allocations: 364319697 (Pool: 364318968; Big: 729); GC: 7370
