========================================================================
  C2 recovery — 2050 demographics, τp pinned at 2020 = 0.145002
========================================================================
  nthreads = 16   J = 17   damp_ge = 0.30

Initializing grids and Rouwenhorst chain …
Setting 2050 demographics (Anne / WPP 2024 medium variant) …
  n_p  : 0.051010 → -0.019841
  ψ_male[10] : 0.9553 → 0.9665  ψ_female[10] : 0.9553 → 0.9880

========================================================================
  Solving GE — Base.invokelatest forces fresh world-age dispatch
========================================================================
INITIAL GE-Gender  (K₀=12.0, L₀=10.0, damp=0.3, tol=0.0001)
iter   K        L        K/L      r(5y)    w        τp       DIFF/Y
─────  ───────  ───────  ───────  ───────  ───────  ───────  ─────────────
1      12.000   10.000   1.200    0.1634   1.0935   0.1450   -7.933228e-01
2      20.504   13.951   1.470    0.1011   1.1763   0.1450   -3.257500e-01
3      24.079   16.735   1.439    0.1072   1.1673   0.1450   -2.046880e-01
4      27.868   18.663   1.493    0.0965   1.1830   0.1450   -1.402945e-01
5      31.756   20.050   1.584    0.0800   1.2084   0.1450   -1.043924e-01
6      36.169   21.080   1.716    0.0586   1.2437   0.1450   -8.623750e-02
7      42.247   21.883   1.931    0.0290   1.2976   0.1450   -8.388952e-02
8      54.698   22.567   2.424    -0.0223  1.4084   0.1450   -1.120623e-01
9      557.287  23.275   23.943   -0.2737  3.2122   0.1450   -1.363371e+00
10     342.210  25.631   13.351   -0.2394  2.6031   0.1450   -8.189303e-01
11     205.015  26.836   7.640    -0.1923  2.1291   0.1450   -4.640022e-01
12     116.786  27.268   4.283    -0.1221  1.7287   0.1450   -2.116393e-01
13     54.157   27.095   1.999    0.0207   1.3139   0.1450   -1.080515e-02
14     79.083   26.251   3.013    -0.0647  1.5231   0.1450   -1.127147e-01
15     7.042    26.063   0.270    0.9818   0.6393   0.1450   -3.602540e+00
16     43.243   23.664   1.827    0.0425   1.2722   0.1450   -4.648441e-02

[1920867] signal 2: Interrupt
in expression starting at /home/hectorjuan/Dalila/Missions/Funded/BID2/GE-now with Gender/demographic_experiment/run_aging_c2_recovery.jl:140
unknown function (ip: 0x7d3215698d6f)
pthread_cond_wait at /lib/x86_64-linux-gnu/libc.so.6 (unknown line)
uv_cond_wait at /workspace/srcdir/libuv/src/unix/thread.c:822
jl_parallel_gc_threadfun at /cache/build/builder-demeter6-3/julialang/julia-release-1-dot-11/src/scheduler.c:148
unknown function (ip: 0x7d321569caa3)
unknown function (ip: 0x7d3215729c6b)
unknown function (ip: (nil))
unknown function (ip: 0x7d3215698d6f)
pthread_cond_wait at /lib/x86_64-linux-gnu/libc.so.6 (unknown line)
uv_cond_wait at /workspace/srcdir/libuv/src/unix/thread.c:822
jl_parallel_gc_threadfun at /cache/build/builder-demeter6-3/julialang/julia-release-1-dot-11/src/scheduler.c:148
unknown function (ip: 0x7d321569caa3)
unknown function (ip: 0x7d3215729c6b)
unknown function (ip: (nil))
unknown function (ip: 0x7d3215698d6f)
pthread_cond_wait at /lib/x86_64-linux-gnu/libc.so.6 (unknown line)
uv_cond_wait at /workspace/srcdir/libuv/src/unix/thread.c:822
jl_parallel_gc_threadfun at /cache/build/builder-demeter6-3/julialang/julia-release-1-dot-11/src/scheduler.c:148
unknown function (ip: 0x7d321569caa3)
unknown function (ip: 0x7d3215729c6b)
unknown function (ip: (nil))
unknown function (ip: 0x7d3215698d6f)
pthread_cond_wait at /lib/x86_64-linux-gnu/libc.so.6 (unknown line)
uv_cond_wait at /workspace/srcdir/libuv/src/unix/thread.c:822
jl_parallel_gc_threadfun at /cache/build/builder-demeter6-3/julialang/julia-release-1-dot-11/src/scheduler.c:148
unknown function (ip: 0x7d321569caa3)
unknown function (ip: 0x7d3215729c6b)
unknown function (ip: (nil))
unknown function (ip: 0x7d3215698d6f)
pthread_cond_wait at /lib/x86_64-linux-gnu/libc.so.6 (unknown line)
uv_cond_wait at /workspace/srcdir/libuv/src/unix/thread.c:822
jl_parallel_gc_threadfun at /cache/build/builder-demeter6-3/julialang/julia-release-1-dot-11/src/scheduler.c:148
unknown function (ip: 0x7d321569caa3)
unknown function (ip: 0x7d3215729c6b)
unknown function (ip: (nil))
unknown function (ip: 0x7d3215698d6f)
pthread_cond_wait at /lib/x86_64-linux-gnu/libc.so.6 (unknown line)
uv_cond_wait at /workspace/srcdir/libuv/src/unix/thread.c:822
jl_parallel_gc_threadfun at /cache/build/builder-demeter6-3/julialang/julia-release-1-dot-11/src/scheduler.c:148
unknown function (ip: 0x7d321569caa3)
unknown function (ip: 0x7d3215729c6b)
unknown function (ip: (nil))
unknown function (ip: 0x7d3215698d6f)
pthread_cond_wait at /lib/x86_64-linux-gnu/libc.so.6 (unknown line)
uv_cond_wait at /workspace/srcdir/libuv/src/unix/thread.c:822
jl_parallel_gc_threadfun at /cache/build/builder-demeter6-3/julialang/julia-release-1-dot-11/src/scheduler.c:148
unknown function (ip: 0x7d321569caa3)
unknown function (ip: 0x7d3215729c6b)
unknown function (ip: (nil))
reinterpret at ./essentials.jl:730 [inlined]
table_unpack at ./special/exp.jl:181 [inlined]
exp_impl at ./special/exp.jl:241 [inlined]
pow_body at ./math.jl:1172 [inlined]
^ at ./math.jl:1164 [inlined]
labor_supply at /home/hectorjuan/Dalila/Missions/Funded/BID2/GE-now with Gender/demographic_experiment/run_aging_c2_recovery.jl:47
euler_residual at /home/hectorjuan/Dalila/Missions/Funded/BID2/GE-now with Gender/ge_model_gender.jl:354
#brent_aprime#15 at /home/hectorjuan/Dalila/Missions/Funded/BID2/GE-now with Gender/ge_model_gender.jl:422 [inlined]
brent_aprime at /home/hectorjuan/Dalila/Missions/Funded/BID2/GE-now with Gender/ge_model_gender.jl:385 [inlined]
solve_aprime_given_m at /home/hectorjuan/Dalila/Missions/Funded/BID2/GE-now with Gender/ge_model_gender.jl:470
solve_cell at /home/hectorjuan/Dalila/Missions/Funded/BID2/GE-now with Gender/ge_model_gender.jl:498
macro expansion at /home/hectorjuan/Dalila/Missions/Funded/BID2/GE-now with Gender/ge_model_gender.jl:568 [inlined]
#26#threadsfor_fun#17 at ./threadingconstructs.jl:253
#26#threadsfor_fun at ./threadingconstructs.jl:220 [inlined]
#1 at ./threadingconstructs.jl:154
unknown function (ip: 0x7d319293941f)
jl_apply at /cache/build/builder-demeter6-3/julialang/julia-release-1-dot-11/src/julia.h:2157 [inlined]
start_task at /cache/build/builder-demeter6-3/julialang/julia-release-1-dot-11/src/task.c:1202
unknown function (ip: (nil))
__mod_julfort_MOD_grid_inv_grow_1 at /home/hectorjuan/.julia/packages/DynamicProgrammingUtils/Me0FN/src/fortran_wrappers/mod_julfort.so (unknown line)
__mod_julfort_MOD_linint_grow_1 at /home/hectorjuan/.julia/packages/DynamicProgrammingUtils/Me0FN/src/fortran_wrappers/mod_julfort.so (unknown line)
linint_Grow at /home/hectorjuan/.julia/packages/DynamicProgrammingUtils/Me0FN/src/fortran_wrappers/mod_julfort.so (unknown line)
linint_Grow at /home/hectorjuan/.julia/packages/DynamicProgrammingUtils/Me0FN/src/dynamic-programming-utils.jl:178
asset_interp at /home/hectorjuan/Dalila/Missions/Funded/BID2/GE-now with Gender/ge_model_gender.jl:305 [inlined]
interp_pol at /home/hectorjuan/Dalila/Missions/Funded/BID2/GE-now with Gender/ge_model_gender.jl:330
expected_uc_next at /home/hectorjuan/Dalila/Missions/Funded/BID2/GE-now with Gender/ge_model_gender.jl:343
euler_residual at /home/hectorjuan/Dalila/Missions/Funded/BID2/GE-now with Gender/ge_model_gender.jl:358
#brent_aprime#15 at /home/hectorjuan/Dalila/Missions/Funded/BID2/GE-now with Gender/ge_model_gender.jl:422 [inlined]
brent_aprime at /home/hectorjuan/Dalila/Missions/Funded/BID2/GE-now with Gender/ge_model_gender.jl:385 [inlined]
solve_aprime_given_m at /home/hectorjuan/Dalila/Missions/Funded/BID2/GE-now with Gender/ge_model_gender.jl:470
solve_cell at /home/hectorjuan/Dalila/Missions/Funded/BID2/GE-now with Gender/ge_model_gender.jl:520
macro expansion at /home/hectorjuan/Dalila/Missions/Funded/BID2/GE-now with Gender/ge_model_gender.jl:568 [inlined]
#26#threadsfor_fun#17 at ./threadingconstructs.jl:253
#26#threadsfor_fun at ./threadingconstructs.jl:220 [inlined]
#1 at ./threadingconstructs.jl:154
unknown function (ip: 0x7d319293941f)
jl_apply at /cache/build/builder-demeter6-3/julialang/julia-release-1-dot-11/src/julia.h:2157 [inlined]
start_task at /cache/build/builder-demeter6-3/julialang/julia-release-1-dot-11/src/task.c:1202
unknown function (ip: (nil))
cconvert at ./pointer.jl:65 [inlined]
linint_Grow at /home/hectorjuan/.julia/packages/DynamicProgrammingUtils/Me0FN/src/dynamic-programming-utils.jl:178
asset_interp at /home/hectorjuan/Dalila/Missions/Funded/BID2/GE-now with Gender/ge_model_gender.jl:305 [inlined]
interp_pol at /home/hectorjuan/Dalila/Missions/Funded/BID2/GE-now with Gender/ge_model_gender.jl:330
expected_uc_next at /home/hectorjuan/Dalila/Missions/Funded/BID2/GE-now with Gender/ge_model_gender.jl:342
euler_residual at /home/hectorjuan/Dalila/Missions/Funded/BID2/GE-now with Gender/ge_model_gender.jl:358
#brent_aprime#15 at /home/hectorjuan/Dalila/Missions/Funded/BID2/GE-now with Gender/ge_model_gender.jl:422 [inlined]
brent_aprime at /home/hectorjuan/Dalila/Missions/Funded/BID2/GE-now with Gender/ge_model_gender.jl:385 [inlined]
solve_aprime_given_m at /home/hectorjuan/Dalila/Missions/Funded/BID2/GE-now with Gender/ge_model_gender.jl:470
solve_cell at /home/hectorjuan/Dalila/Missions/Funded/BID2/GE-now with Gender/ge_model_gender.jl:498
macro expansion at /home/hectorjuan/Dalila/Missions/Funded/BID2/GE-now with Gender/ge_model_gender.jl:568 [inlined]
#26#threadsfor_fun#17 at ./threadingconstructs.jl:253
#26#threadsfor_fun at ./threadingconstructs.jl:220 [inlined]
#1 at ./threadingconstructs.jl:154
unknown function (ip: 0x7d319293941f)
jl_apply at /cache/build/builder-demeter6-3/julialang/julia-release-1-dot-11/src/julia.h:2157 [inlined]
start_task at /cache/build/builder-demeter6-3/julialang/julia-release-1-dot-11/src/task.c:1202
unknown function (ip: (nil))
checkbounds at ./abstractarray.jl:697 [inlined]
getindex at /home/hectorjuan/.julia/packages/OffsetArrays/b7qpm/src/OffsetArrays.jl:419 [inlined]
interp_pol at /home/hectorjuan/Dalila/Missions/Funded/BID2/GE-now with Gender/ge_model_gender.jl:332
expected_uc_next at /home/hectorjuan/Dalila/Missions/Funded/BID2/GE-now with Gender/ge_model_gender.jl:343
euler_residual at /home/hectorjuan/Dalila/Missions/Funded/BID2/GE-now with Gender/ge_model_gender.jl:358
#brent_aprime#15 at /home/hectorjuan/Dalila/Missions/Funded/BID2/GE-now with Gender/ge_model_gender.jl:422 [inlined]
brent_aprime at /home/hectorjuan/Dalila/Missions/Funded/BID2/GE-now with Gender/ge_model_gender.jl:385 [inlined]
solve_aprime_given_m at /home/hectorjuan/Dalila/Missions/Funded/BID2/GE-now with Gender/ge_model_gender.jl:470
solve_cell at /home/hectorjuan/Dalila/Missions/Funded/BID2/GE-now with Gender/ge_model_gender.jl:498
macro expansion at /home/hectorjuan/Dalila/Missions/Funded/BID2/GE-now with Gender/ge_model_gender.jl:568 [inlined]
#26#threadsfor_fun#17 at ./threadingconstructs.jl:253
#26#threadsfor_fun at ./threadingconstructs.jl:220 [inlined]
#1 at ./threadingconstructs.jl:154
unknown function (ip: 0x7d319293941f)
jl_apply at /cache/build/builder-demeter6-3/julialang/julia-release-1-dot-11/src/julia.h:2157 [inlined]
start_task at /cache/build/builder-demeter6-3/julialang/julia-release-1-dot-11/src/task.c:1202
unknown function (ip: (nil))
_log_ext at ./special/log.jl:586
pow_body at ./math.jl:1168 [inlined]
^ at ./math.jl:1164 [inlined]
labor_supply at /home/hectorjuan/Dalila/Missions/Funded/BID2/GE-now with Gender/demographic_experiment/run_aging_c2_recovery.jl:47
value_at at /home/hectorjuan/Dalila/Missions/Funded/BID2/GE-now with Gender/ge_model_gender.jl:367
solve_cell at /home/hectorjuan/Dalila/Missions/Funded/BID2/GE-now with Gender/ge_model_gender.jl:500
macro expansion at /home/hectorjuan/Dalila/Missions/Funded/BID2/GE-now with Gender/ge_model_gender.jl:568 [inlined]
#26#threadsfor_fun#17 at ./threadingconstructs.jl:253
#26#threadsfor_fun at ./threadingconstructs.jl:220 [inlined]
#1 at ./threadingconstructs.jl:154
unknown function (ip: 0x7d319293941f)
jl_apply at /cache/build/builder-demeter6-3/julialang/julia-release-1-dot-11/src/julia.h:2157 [inlined]
start_task at /cache/build/builder-demeter6-3/julialang/julia-release-1-dot-11/src/task.c:1202
unknown function (ip: (nil))
+ at ./int.jl:87 [inlined]
+ at ./int.jl:1013 [inlined]
threadid at ./threadingconstructs.jl:31 [inlined]
asset_interp at /home/hectorjuan/Dalila/Missions/Funded/BID2/GE-now with Gender/ge_model_gender.jl:304 [inlined]
interp_pol at /home/hectorjuan/Dalila/Missions/Funded/BID2/GE-now with Gender/ge_model_gender.jl:330
expected_uc_next at /home/hectorjuan/Dalila/Missions/Funded/BID2/GE-now with Gender/ge_model_gender.jl:343
euler_residual at /home/hectorjuan/Dalila/Missions/Funded/BID2/GE-now with Gender/ge_model_gender.jl:358
#brent_aprime#15 at /home/hectorjuan/Dalila/Missions/Funded/BID2/GE-now with Gender/ge_model_gender.jl:422 [inlined]
brent_aprime at /home/hectorjuan/Dalila/Missions/Funded/BID2/GE-now with Gender/ge_model_gender.jl:385 [inlined]
solve_aprime_given_m at /home/hectorjuan/Dalila/Missions/Funded/BID2/GE-now with Gender/ge_model_gender.jl:470
solve_cell at /home/hectorjuan/Dalila/Missions/Funded/BID2/GE-now with Gender/ge_model_gender.jl:498
macro expansion at /home/hectorjuan/Dalila/Missions/Funded/BID2/GE-now with Gender/ge_model_gender.jl:568 [inlined]
#26#threadsfor_fun#17 at ./threadingconstructs.jl:253
#26#threadsfor_fun at ./threadingconstructs.jl:220 [inlined]
#1 at ./threadingconstructs.jl:154
unknown function (ip: 0x7d319293941f)
jl_apply at /cache/build/builder-demeter6-3/julialang/julia-release-1-dot-11/src/julia.h:2157 [inlined]
start_task at /cache/build/builder-demeter6-3/julialang/julia-release-1-dot-11/src/task.c:1202
unknown function (ip: (nil))
getindex at ./essentials.jl:917 [inlined]
asset_interp at /home/hectorjuan/Dalila/Missions/Funded/BID2/GE-now with Gender/ge_model_gender.jl:305 [inlined]
interp_pol at /home/hectorjuan/Dalila/Missions/Funded/BID2/GE-now with Gender/ge_model_gender.jl:330
expected_uc_next at /home/hectorjuan/Dalila/Missions/Funded/BID2/GE-now with Gender/ge_model_gender.jl:343
euler_residual at /home/hectorjuan/Dalila/Missions/Funded/BID2/GE-now with Gender/ge_model_gender.jl:358
#brent_aprime#15 at /home/hectorjuan/Dalila/Missions/Funded/BID2/GE-now with Gender/ge_model_gender.jl:422 [inlined]
brent_aprime at /home/hectorjuan/Dalila/Missions/Funded/BID2/GE-now with Gender/ge_model_gender.jl:385 [inlined]
solve_aprime_given_m at /home/hectorjuan/Dalila/Missions/Funded/BID2/GE-now with Gender/ge_model_gender.jl:470
solve_cell at /home/hectorjuan/Dalila/Missions/Funded/BID2/GE-now with Gender/ge_model_gender.jl:498
macro expansion at /home/hectorjuan/Dalila/Missions/Funded/BID2/GE-now with Gender/ge_model_gender.jl:568 [inlined]
#26#threadsfor_fun#17 at ./threadingconstructs.jl:253
#26#threadsfor_fun at ./threadingconstructs.jl:220 [inlined]
#1 at ./threadingconstructs.jl:154
unknown function (ip: 0x7d319293941f)
jl_apply at /cache/build/builder-demeter6-3/julialang/julia-release-1-dot-11/src/julia.h:2157 [inlined]
start_task at /cache/build/builder-demeter6-3/julialang/julia-release-1-dot-11/src/task.c:1202
unknown function (ip: (nil))
getindex at ./essentials.jl:917 [inlined]
asset_interp at /home/hectorjuan/Dalila/Missions/Funded/BID2/GE-now with Gender/ge_model_gender.jl:305 [inlined]
interp_pol at /home/hectorjuan/Dalila/Missions/Funded/BID2/GE-now with Gender/ge_model_gender.jl:330
expected_uc_next at /home/hectorjuan/Dalila/Missions/Funded/BID2/GE-now with Gender/ge_model_gender.jl:342
euler_residual at /home/hectorjuan/Dalila/Missions/Funded/BID2/GE-now with Gender/ge_model_gender.jl:358
#brent_aprime#15 at /home/hectorjuan/Dalila/Missions/Funded/BID2/GE-now with Gender/ge_model_gender.jl:422 [inlined]
brent_aprime at /home/hectorjuan/Dalila/Missions/Funded/BID2/GE-now with Gender/ge_model_gender.jl:385 [inlined]
solve_aprime_given_m at /home/hectorjuan/Dalila/Missions/Funded/BID2/GE-now with Gender/ge_model_gender.jl:470
solve_cell at /home/hectorjuan/Dalila/Missions/Funded/BID2/GE-now with Gender/ge_model_gender.jl:498
macro expansion at /home/hectorjuan/Dalila/Missions/Funded/BID2/GE-now with Gender/ge_model_gender.jl:568 [inlined]
#26#threadsfor_fun#17 at ./threadingconstructs.jl:253
#26#threadsfor_fun at ./threadingconstructs.jl:220 [inlined]
#1 at ./threadingconstructs.jl:154
unknown function (ip: 0x7d319293941f)
jl_apply at /cache/build/builder-demeter6-3/julialang/julia-release-1-dot-11/src/julia.h:2157 [inlined]
start_task at /cache/build/builder-demeter6-3/julialang/julia-release-1-dot-11/src/task.c:1202
unknown function (ip: (nil))
getindex at ./essentials.jl:917 [inlined]
asset_interp at /home/hectorjuan/Dalila/Missions/Funded/BID2/GE-now with Gender/ge_model_gender.jl:305 [inlined]
interp_pol at /home/hectorjuan/Dalila/Missions/Funded/BID2/GE-now with Gender/ge_model_gender.jl:330
expected_uc_next at /home/hectorjuan/Dalila/Missions/Funded/BID2/GE-now with Gender/ge_model_gender.jl:342
euler_residual at /home/hectorjuan/Dalila/Missions/Funded/BID2/GE-now with Gender/ge_model_gender.jl:358
#brent_aprime#15 at /home/hectorjuan/Dalila/Missions/Funded/BID2/GE-now with Gender/ge_model_gender.jl:422 [inlined]
brent_aprime at /home/hectorjuan/Dalila/Missions/Funded/BID2/GE-now with Gender/ge_model_gender.jl:385 [inlined]
solve_aprime_given_m at /home/hectorjuan/Dalila/Missions/Funded/BID2/GE-now with Gender/ge_model_gender.jl:470
solve_cell at /home/hectorjuan/Dalila/Missions/Funded/BID2/GE-now with Gender/ge_model_gender.jl:498
macro expansion at /home/hectorjuan/Dalila/Missions/Funded/BID2/GE-now with Gender/ge_model_gender.jl:568 [inlined]
#26#threadsfor_fun#17 at ./threadingconstructs.jl:253
#26#threadsfor_fun at ./threadingconstructs.jl:220 [inlined]
#1 at ./threadingconstructs.jl:154
unknown function (ip: 0x7d319293941f)
jl_apply at /cache/build/builder-demeter6-3/julialang/julia-release-1-dot-11/src/julia.h:2157 [inlined]
start_task at /cache/build/builder-demeter6-3/julialang/julia-release-1-dot-11/src/task.c:1202
unknown function (ip: (nil))
getindex at ./essentials.jl:917 [inlined]
asset_interp at /home/hectorjuan/Dalila/Missions/Funded/BID2/GE-now with Gender/ge_model_gender.jl:305 [inlined]
interp_pol at /home/hectorjuan/Dalila/Missions/Funded/BID2/GE-now with Gender/ge_model_gender.jl:330
expected_uc_next at /home/hectorjuan/Dalila/Missions/Funded/BID2/GE-now with Gender/ge_model_gender.jl:342
euler_residual at /home/hectorjuan/Dalila/Missions/Funded/BID2/GE-now with Gender/ge_model_gender.jl:358
#brent_aprime#15 at /home/hectorjuan/Dalila/Missions/Funded/BID2/GE-now with Gender/ge_model_gender.jl:422 [inlined]
brent_aprime at /home/hectorjuan/Dalila/Missions/Funded/BID2/GE-now with Gender/ge_model_gender.jl:385 [inlined]
solve_aprime_given_m at /home/hectorjuan/Dalila/Missions/Funded/BID2/GE-now with Gender/ge_model_gender.jl:470
solve_cell at /home/hectorjuan/Dalila/Missions/Funded/BID2/GE-now with Gender/ge_model_gender.jl:498
macro expansion at /home/hectorjuan/Dalila/Missions/Funded/BID2/GE-now with Gender/ge_model_gender.jl:568 [inlined]
#26#threadsfor_fun#17 at ./threadingconstructs.jl:253
#26#threadsfor_fun at ./threadingconstructs.jl:220 [inlined]
#1 at ./threadingconstructs.jl:154
unknown function (ip: 0x7d319293941f)
jl_apply at /cache/build/builder-demeter6-3/julialang/julia-release-1-dot-11/src/julia.h:2157 [inlined]
start_task at /cache/build/builder-demeter6-3/julialang/julia-release-1-dot-11/src/task.c:1202
unknown function (ip: (nil))
unknown function (ip: 0x7d3215590e4b)
__mod_julfort_MOD_grid_inv_grow_1 at /home/hectorjuan/.julia/packages/DynamicProgrammingUtils/Me0FN/src/fortran_wrappers/mod_julfort.so (unknown line)
__mod_julfort_MOD_linint_grow_1 at /home/hectorjuan/.julia/packages/DynamicProgrammingUtils/Me0FN/src/fortran_wrappers/mod_julfort.so (unknown line)
linint_Grow at /home/hectorjuan/.julia/packages/DynamicProgrammingUtils/Me0FN/src/fortran_wrappers/mod_julfort.so (unknown line)
linint_Grow at /home/hectorjuan/.julia/packages/DynamicProgrammingUtils/Me0FN/src/dynamic-programming-utils.jl:178
asset_interp at /home/hectorjuan/Dalila/Missions/Funded/BID2/GE-now with Gender/ge_model_gender.jl:305 [inlined]
interp_pol at /home/hectorjuan/Dalila/Missions/Funded/BID2/GE-now with Gender/ge_model_gender.jl:330
expected_uc_next at /home/hectorjuan/Dalila/Missions/Funded/BID2/GE-now with Gender/ge_model_gender.jl:343
euler_residual at /home/hectorjuan/Dalila/Missions/Funded/BID2/GE-now with Gender/ge_model_gender.jl:358
#brent_aprime#15 at /home/hectorjuan/Dalila/Missions/Funded/BID2/GE-now with Gender/ge_model_gender.jl:422 [inlined]
brent_aprime at /home/hectorjuan/Dalila/Missions/Funded/BID2/GE-now with Gender/ge_model_gender.jl:385 [inlined]
solve_aprime_given_m at /home/hectorjuan/Dalila/Missions/Funded/BID2/GE-now with Gender/ge_model_gender.jl:470
solve_cell at /home/hectorjuan/Dalila/Missions/Funded/BID2/GE-now with Gender/ge_model_gender.jl:498
macro expansion at /home/hectorjuan/Dalila/Missions/Funded/BID2/GE-now with Gender/ge_model_gender.jl:568 [inlined]
#26#threadsfor_fun#17 at ./threadingconstructs.jl:253
#26#threadsfor_fun at ./threadingconstructs.jl:220 [inlined]
#1 at ./threadingconstructs.jl:154
unknown function (ip: 0x7d319293941f)
jl_apply at /cache/build/builder-demeter6-3/julialang/julia-release-1-dot-11/src/julia.h:2157 [inlined]
start_task at /cache/build/builder-demeter6-3/julialang/julia-release-1-dot-11/src/task.c:1202
unknown function (ip: (nil))
+ at ./float.jl:491 [inlined]
+ at ./operators.jl:596 [inlined]
interp_pol at /home/hectorjuan/Dalila/Missions/Funded/BID2/GE-now with Gender/ge_model_gender.jl:332
expected_uc_next at /home/hectorjuan/Dalila/Missions/Funded/BID2/GE-now with Gender/ge_model_gender.jl:342
euler_residual at /home/hectorjuan/Dalila/Missions/Funded/BID2/GE-now with Gender/ge_model_gender.jl:358
#brent_aprime#15 at /home/hectorjuan/Dalila/Missions/Funded/BID2/GE-now with Gender/ge_model_gender.jl:422 [inlined]
brent_aprime at /home/hectorjuan/Dalila/Missions/Funded/BID2/GE-now with Gender/ge_model_gender.jl:385 [inlined]
solve_aprime_given_m at /home/hectorjuan/Dalila/Missions/Funded/BID2/GE-now with Gender/ge_model_gender.jl:470
solve_cell at /home/hectorjuan/Dalila/Missions/Funded/BID2/GE-now with Gender/ge_model_gender.jl:498
macro expansion at /home/hectorjuan/Dalila/Missions/Funded/BID2/GE-now with Gender/ge_model_gender.jl:568 [inlined]
#26#threadsfor_fun#17 at ./threadingconstructs.jl:253
#26#threadsfor_fun at ./threadingconstructs.jl:220 [inlined]
#1 at ./threadingconstructs.jl:154
unknown function (ip: 0x7d319293941f)
jl_apply at /cache/build/builder-demeter6-3/julialang/julia-release-1-dot-11/src/julia.h:2157 [inlined]
start_task at /cache/build/builder-demeter6-3/julialang/julia-release-1-dot-11/src/task.c:1202
unknown function (ip: (nil))
__mod_julfort_MOD_grid_inv_grow_1 at /home/hectorjuan/.julia/packages/DynamicProgrammingUtils/Me0FN/src/fortran_wrappers/mod_julfort.so (unknown line)
__mod_julfort_MOD_linint_grow_1 at /home/hectorjuan/.julia/packages/DynamicProgrammingUtils/Me0FN/src/fortran_wrappers/mod_julfort.so (unknown line)
linint_Grow at /home/hectorjuan/.julia/packages/DynamicProgrammingUtils/Me0FN/src/fortran_wrappers/mod_julfort.so (unknown line)
linint_Grow at /home/hectorjuan/.julia/packages/DynamicProgrammingUtils/Me0FN/src/dynamic-programming-utils.jl:178
asset_interp at /home/hectorjuan/Dalila/Missions/Funded/BID2/GE-now with Gender/ge_model_gender.jl:305 [inlined]
interp_pol at /home/hectorjuan/Dalila/Missions/Funded/BID2/GE-now with Gender/ge_model_gender.jl:330
expected_uc_next at /home/hectorjuan/Dalila/Missions/Funded/BID2/GE-now with Gender/ge_model_gender.jl:343
euler_residual at /home/hectorjuan/Dalila/Missions/Funded/BID2/GE-now with Gender/ge_model_gender.jl:358
#brent_aprime#15 at /home/hectorjuan/Dalila/Missions/Funded/BID2/GE-now with Gender/ge_model_gender.jl:422 [inlined]
brent_aprime at /home/hectorjuan/Dalila/Missions/Funded/BID2/GE-now with Gender/ge_model_gender.jl:385 [inlined]
solve_aprime_given_m at /home/hectorjuan/Dalila/Missions/Funded/BID2/GE-now with Gender/ge_model_gender.jl:470
solve_cell at /home/hectorjuan/Dalila/Missions/Funded/BID2/GE-now with Gender/ge_model_gender.jl:498
macro expansion at /home/hectorjuan/Dalila/Missions/Funded/BID2/GE-now with Gender/ge_model_gender.jl:568 [inlined]
#26#threadsfor_fun#17 at ./threadingconstructs.jl:253
#26#threadsfor_fun at ./threadingconstructs.jl:220 [inlined]
#1 at ./threadingconstructs.jl:154
unknown function (ip: 0x7d319293941f)
jl_apply at /cache/build/builder-demeter6-3/julialang/julia-release-1-dot-11/src/julia.h:2157 [inlined]
start_task at /cache/build/builder-demeter6-3/julialang/julia-release-1-dot-11/src/task.c:1202
unknown function (ip: (nil))
getindex at ./essentials.jl:917 [inlined]
asset_interp at /home/hectorjuan/Dalila/Missions/Funded/BID2/GE-now with Gender/ge_model_gender.jl:305 [inlined]
interp_pol at /home/hectorjuan/Dalila/Missions/Funded/BID2/GE-now with Gender/ge_model_gender.jl:330
expected_uc_next at /home/hectorjuan/Dalila/Missions/Funded/BID2/GE-now with Gender/ge_model_gender.jl:342
euler_residual at /home/hectorjuan/Dalila/Missions/Funded/BID2/GE-now with Gender/ge_model_gender.jl:358
#brent_aprime#15 at /home/hectorjuan/Dalila/Missions/Funded/BID2/GE-now with Gender/ge_model_gender.jl:422 [inlined]
brent_aprime at /home/hectorjuan/Dalila/Missions/Funded/BID2/GE-now with Gender/ge_model_gender.jl:385 [inlined]
solve_aprime_given_m at /home/hectorjuan/Dalila/Missions/Funded/BID2/GE-now with Gender/ge_model_gender.jl:470
solve_cell at /home/hectorjuan/Dalila/Missions/Funded/BID2/GE-now with Gender/ge_model_gender.jl:498
macro expansion at /home/hectorjuan/Dalila/Missions/Funded/BID2/GE-now with Gender/ge_model_gender.jl:568 [inlined]
#26#threadsfor_fun#17 at ./threadingconstructs.jl:253
#26#threadsfor_fun at ./threadingconstructs.jl:220 [inlined]
#1 at ./threadingconstructs.jl:154
unknown function (ip: 0x7d319293941f)
jl_apply at /cache/build/builder-demeter6-3/julialang/julia-release-1-dot-11/src/julia.h:2157 [inlined]
start_task at /cache/build/builder-demeter6-3/julialang/julia-release-1-dot-11/src/task.c:1202
unknown function (ip: (nil))
getindex at ./essentials.jl:917 [inlined]
asset_interp at /home/hectorjuan/Dalila/Missions/Funded/BID2/GE-now with Gender/ge_model_gender.jl:305 [inlined]
interp_pol at /home/hectorjuan/Dalila/Missions/Funded/BID2/GE-now with Gender/ge_model_gender.jl:330
expected_uc_next at /home/hectorjuan/Dalila/Missions/Funded/BID2/GE-now with Gender/ge_model_gender.jl:343
euler_residual at /home/hectorjuan/Dalila/Missions/Funded/BID2/GE-now with Gender/ge_model_gender.jl:358
#brent_aprime#15 at /home/hectorjuan/Dalila/Missions/Funded/BID2/GE-now with Gender/ge_model_gender.jl:422 [inlined]
brent_aprime at /home/hectorjuan/Dalila/Missions/Funded/BID2/GE-now with Gender/ge_model_gender.jl:385 [inlined]
solve_aprime_given_m at /home/hectorjuan/Dalila/Missions/Funded/BID2/GE-now with Gender/ge_model_gender.jl:470
solve_cell at /home/hectorjuan/Dalila/Missions/Funded/BID2/GE-now with Gender/ge_model_gender.jl:498
macro expansion at /home/hectorjuan/Dalila/Missions/Funded/BID2/GE-now with Gender/ge_model_gender.jl:568 [inlined]
#26#threadsfor_fun#17 at ./threadingconstructs.jl:253
#26#threadsfor_fun at ./threadingconstructs.jl:220 [inlined]
#1 at ./threadingconstructs.jl:154
unknown function (ip: 0x7d319293941f)
jl_apply at /cache/build/builder-demeter6-3/julialang/julia-release-1-dot-11/src/julia.h:2157 [inlined]
start_task at /cache/build/builder-demeter6-3/julialang/julia-release-1-dot-11/src/task.c:1202
unknown function (ip: (nil))
getindex at ./essentials.jl:916 [inlined]
linint_Grow at /home/hectorjuan/.julia/packages/DynamicProgrammingUtils/Me0FN/src/dynamic-programming-utils.jl:183
asset_interp at /home/hectorjuan/Dalila/Missions/Funded/BID2/GE-now with Gender/ge_model_gender.jl:305 [inlined]
interp_pol at /home/hectorjuan/Dalila/Missions/Funded/BID2/GE-now with Gender/ge_model_gender.jl:330
expected_uc_next at /home/hectorjuan/Dalila/Missions/Funded/BID2/GE-now with Gender/ge_model_gender.jl:343
euler_residual at /home/hectorjuan/Dalila/Missions/Funded/BID2/GE-now with Gender/ge_model_gender.jl:358
#brent_aprime#15 at /home/hectorjuan/Dalila/Missions/Funded/BID2/GE-now with Gender/ge_model_gender.jl:422 [inlined]
brent_aprime at /home/hectorjuan/Dalila/Missions/Funded/BID2/GE-now with Gender/ge_model_gender.jl:385 [inlined]
solve_aprime_given_m at /home/hectorjuan/Dalila/Missions/Funded/BID2/GE-now with Gender/ge_model_gender.jl:470
solve_cell at /home/hectorjuan/Dalila/Missions/Funded/BID2/GE-now with Gender/ge_model_gender.jl:498
macro expansion at /home/hectorjuan/Dalila/Missions/Funded/BID2/GE-now with Gender/ge_model_gender.jl:568 [inlined]
#26#threadsfor_fun#17 at ./threadingconstructs.jl:253
#26#threadsfor_fun at ./threadingconstructs.jl:220 [inlined]
#1 at ./threadingconstructs.jl:154
unknown function (ip: 0x7d319293941f)
jl_apply at /cache/build/builder-demeter6-3/julialang/julia-release-1-dot-11/src/julia.h:2157 [inlined]
start_task at /cache/build/builder-demeter6-3/julialang/julia-release-1-dot-11/src/task.c:1202
unknown function (ip: (nil))
Allocations: 92144356 (Pool: 92143817; Big: 539); GC: 2071
