Initializing grids …
INITIAL GE  (K₀=12.0, L₀=10.0, damp=0.5, tol=0.0001)
iter   K        L        K/L      r(5y)    w        τp       DIFF/Y
─────  ───────  ───────  ───────  ───────  ───────  ───────  ─────────────
1      12.000   10.000   1.200    0.1634   1.0935   0.1294   -3.476986e-01
2      9.979    14.432   0.691    0.3803   0.8966   0.1392   -2.344526e-01
3      15.881   15.783   1.006    0.2246   1.0263   0.1361   -3.379247e-02
4      13.609   16.881   0.806    0.3121   0.9476   0.1381   -4.370202e-02
5      15.387   17.164   0.896    0.2686   0.9845   0.1376   -6.793930e-03
6      14.899   17.429   0.855    0.2877   0.9678   0.1381   -8.544702e-03
7      15.240   17.504   0.871    0.2803   0.9742   0.1380   -1.857930e-03
8      15.172   17.562   0.864    0.2834   0.9715   0.1381   -1.802224e-03
9      15.232   17.581   0.866    0.2823   0.9725   0.1381   -5.057855e-04
10     15.224   17.594   0.865    0.2828   0.9720   0.1381   -4.149203e-04
11     15.236   17.599   0.866    0.2826   0.9722   0.1381   -1.274857e-04
12     15.235   17.602   0.866    0.2827   0.9721   0.1381   -9.284889e-05
13     15.237   17.604   0.866    0.2826   0.9721   0.1381   -3.295532e-05
  → CONVERGED at iter 13

══════════════════════════════════════════════════════════════
 Stationary GE (DraftApril.pdf model)
══════════════════════════════════════════════════════════════
  K        = 15.23746
  L        = 17.60362
  K/L      = 0.86559
  Y        = 26.73953
  K/Y (5y) = 0.56985   |  K/Y annual = 0.114
  r (5-yr) = 0.28263   |  r annual   = 5.1043%
  w        = 0.97215
  C        = 13.02702   |  C/Y = 48.72%
  M        = 1.28889   |  M/Y = 4.82%
  G        = 5.08051   |  G/Y = 19.00%
  δK       = 5.31964   |  δK/Y = 19.89%
  Λ_void   = 1.24709   |  Λ_void/Y = 4.66%
  A_dom    = 22.59213
  B (debt) = 7.35479
  τp       = 0.13807
  pen      = 1.16313
  N^W      = 7.35658
  N^R      = 2.03152
  N^R/N^W  = 0.27615

  Goods market residual: (Y - C - M - δK - G - Λ_void)/Y = -3.295532e-05
  Walras check (gov BC residual / Y): -2.957824e-02

  Welfare object (PDF eq. 58):
    𝒲₁(θ_L = -0.20) = 3.56494
    𝒲₁(θ_H = 0.20) = 4.22492

  Euler residual |r|/u_c (n=329054 interior cells):
     mean log10 = -7.244,  max log10 = -4.709,  p95 log10 = -5.270
  Wrote ge_lifecycle.csv, ge_summary.csv, ge_history.csv

Generating GE audit plots …
  Wrote 6 GE audit plots to ./plots/ge_*.png
