started 2026-05-19T21:52:13-06:00
Initializing grids …
INITIAL GE  (K₀=12.0, L₀=10.0, damp=0.3, tol=0.0001)
iter   K        L        K/L      r(5y)    w        τp       DIFF/Y
─────  ───────  ───────  ───────  ───────  ───────  ───────  ─────────────
1      12.000   10.000   1.200    0.1634   1.0935   0.1294   -3.476986e-01
2      10.787   12.659   0.852    0.2890   0.9667   0.1363   -2.288255e-01
3      12.538   14.159   0.886    0.2735   0.9801   0.1365   -1.262872e-01
4      13.330   15.216   0.876    0.2778   0.9764   0.1369   -8.260496e-02
5      13.916   15.946   0.873    0.2793   0.9750   0.1371   -5.484806e-02
6      14.323   16.454   0.870    0.2804   0.9741   0.1374   -3.695710e-02
7      14.603   16.807   0.869    0.2811   0.9735   0.1376   -2.507632e-02
8      14.798   17.051   0.868    0.2816   0.9731   0.1378   -1.730444e-02
9      14.937   17.221   0.867    0.2818   0.9729   0.1379   -1.176744e-02
10     15.029   17.338   0.867    0.2821   0.9726   0.1380   -8.063156e-03
11     15.092   17.420   0.866    0.2823   0.9725   0.1380   -5.563212e-03
12     15.136   17.477   0.866    0.2824   0.9723   0.1380   -3.896279e-03
13     15.168   17.516   0.866    0.2825   0.9723   0.1380   -2.708635e-03
14     15.189   17.543   0.866    0.2825   0.9722   0.1381   -1.851087e-03
15     15.204   17.562   0.866    0.2826   0.9722   0.1381   -1.286234e-03
16     15.215   17.575   0.866    0.2826   0.9722   0.1381   -8.827565e-04
17     15.222   17.584   0.866    0.2826   0.9722   0.1381   -6.120589e-04
18     15.226   17.591   0.866    0.2826   0.9722   0.1381   -4.423310e-04
19     15.230   17.595   0.866    0.2826   0.9722   0.1381   -2.975156e-04
20     15.233   17.598   0.866    0.2826   0.9722   0.1381   -2.063276e-04
21     15.234   17.600   0.866    0.2826   0.9721   0.1381   -1.431934e-04
22     15.235   17.602   0.866    0.2826   0.9721   0.1381   -9.941275e-05
  → CONVERGED at iter 22

══════════════════════════════════════════════════════════════
 Stationary GE (DraftApril.pdf model)
══════════════════════════════════════════════════════════════
  K        = 15.23550
  L        = 17.60161
  K/L      = 0.86557
  Y        = 26.73633
  K/Y (5y) = 0.56984   |  K/Y annual = 0.114
  r (5-yr) = 0.28264   |  r annual   = 5.1044%
  w        = 0.97214
  C        = 13.02689   |  C/Y = 48.72%
  M        = 1.28891   |  M/Y = 4.82%
  G        = 5.07990   |  G/Y = 19.00%
  δK       = 5.31896   |  δK/Y = 19.89%
  Λ_void   = 1.24717   |  Λ_void/Y = 4.66%
  A_dom    = 22.59318
  B (debt) = 7.35508
  τp       = 0.13808
  pen      = 1.16299
  N^W      = 7.35658
  N^R      = 2.03152
  N^R/N^W  = 0.27615

  Goods market residual: (Y - C - M - (δ+n_p)K - G - Λ_void)/Y = -9.941275e-05
  Gov BC check (corrected closure (rn-n_p)B = primary): +0.000000e+00
  PDF eq.17 check (rB = primary, unadjusted for n_p): -2.958324e-02   [nonzero by design — see notes]

  Welfare object (PDF eq. 58):
    𝒲₁(θ_L = -0.20) = 3.56486
    𝒲₁(θ_H = 0.20) = 4.22485

  Euler residual |r|/u_c (n=329055 interior cells):
     mean log10 = -8.224,  max log10 = -5.772,  p95 log10 = -6.333
  Wrote ge_lifecycle.csv, ge_summary.csv, ge_history.csv  (under /home/hectorjuan/Dalila/Missions/Funded/BID2/draft_260519)

Generating GE audit plots …
  Wrote 6 GE audit plots to /home/hectorjuan/Dalila/Missions/Funded/BID2/draft_260519/plots/ge_*.png
ended 2026-05-19T22:39:29-06:00
