started 2026-05-20T01:09:25-06:00
Initializing grids …
INITIAL GE  (K₀=12.0, L₀=10.0, damp=0.3, tol=0.0001)
iter   K        L        K/L      r(5y)    w        τp       DIFF/Y
─────  ───────  ───────  ───────  ───────  ───────  ───────  ─────────────
1      12.000   10.000   1.200    0.1634   1.0935   0.1334   -3.604437e-01
2      11.535   12.660   0.911    0.2622   0.9903   0.1391   -2.141971e-01
3      12.932   14.198   0.911    0.2624   0.9901   0.1395   -1.265913e-01
4      13.814   15.256   0.905    0.2647   0.9880   0.1399   -8.200207e-02
5      14.426   15.991   0.902    0.2661   0.9867   0.1403   -5.473440e-02
6      14.861   16.501   0.901    0.2668   0.9861   0.1404   -3.646364e-02
7      15.150   16.855   0.899    0.2676   0.9854   0.1406   -2.502764e-02
8      15.359   17.102   0.898    0.2679   0.9851   0.1406   -1.703387e-02
9      15.499   17.273   0.897    0.2682   0.9848   0.1406   -1.158537e-02
10     15.592   17.392   0.897    0.2686   0.9845   0.1407   -8.048960e-03
11     15.658   17.475   0.896    0.2688   0.9843   0.1407   -5.539279e-03
12     15.703   17.532   0.896    0.2690   0.9842   0.1407   -3.929642e-03
13     15.738   17.572   0.896    0.2690   0.9842   0.1407   -2.674653e-03
14     15.761   17.600   0.896    0.2690   0.9841   0.1407   -1.847758e-03
15     15.776   17.619   0.895    0.2691   0.9841   0.1407   -1.281638e-03
16     15.786   17.632   0.895    0.2691   0.9840   0.1407   -1.002132e-03
17     15.798   17.642   0.896    0.2690   0.9841   0.1407   -6.545186e-04
18     15.804   17.648   0.896    0.2690   0.9841   0.1407   -4.479866e-04
19     15.808   17.653   0.896    0.2690   0.9841   0.1407   -3.155439e-04
20     15.811   17.656   0.896    0.2690   0.9841   0.1407   -2.151935e-04
21     15.813   17.658   0.895    0.2690   0.9841   0.1407   -1.493186e-04
22     15.814   17.660   0.895    0.2691   0.9841   0.1407   -1.035869e-04
23     15.815   17.661   0.895    0.2691   0.9841   0.1407   -7.187620e-05
  → CONVERGED at iter 23

══════════════════════════════════════════════════════════════
 Stationary GE (DraftApril.pdf model)
══════════════════════════════════════════════════════════════
  K        = 15.81490
  L        = 17.66090
  K/L      = 0.89548
  Y        = 27.15640
  K/Y (5y) = 0.58236   |  K/Y annual = 0.116
  r (5-yr) = 0.26905   |  r annual   = 4.8808%
  w        = 0.98410
  C        = 13.05358   |  C/Y = 48.07%
  M        = 1.43680   |  M/Y = 5.29%
  G        = 5.15972   |  G/Y = 19.00%
  δK       = 5.52123   |  δK/Y = 20.33%
  Λ_void   = 1.18030   |  Λ_void/Y = 4.35%
  A_dom    = 21.71414
  B (debt) = 5.89727
  τp       = 0.14074
  pen      = 1.18106
  N^W      = 7.35781
  N^R      = 2.07103
  N^R/N^W  = 0.28147

  Goods market residual: (Y - C - M - (δ+n_p)K - G - Λ_void)/Y = -7.187620e-05
  Gov BC check (corrected closure (rn-n_p)B = primary): +0.000000e+00
  PDF eq.17 check (rB = primary, unadjusted for n_p): -2.276287e-02   [nonzero by design — see notes]

  Welfare object (PDF eq. 58):
    𝒲₁(θ_L = -0.20) = 3.63627
    𝒲₁(θ_H = 0.20) = 4.28976

  Euler residual |r|/u_c (n=329076 interior cells):
     mean log10 = -8.247,  max log10 = -5.653,  p95 log10 = -6.210
  Wrote ge_lifecycle_taum20.csv, ge_summary_taum20.csv, ge_history_taum20.csv  (under /home/hectorjuan/Dalila/Missions/Funded/BID2/draft_260519)

Generating GE audit plots …
  Wrote 6 GE audit plots to /home/hectorjuan/Dalila/Missions/Funded/BID2/draft_260519/plots_taum20/ge_*.png
ended 2026-05-20T03:21:38-06:00
