started 2026-05-19T23:13:39-06:00
Initializing grids …
INITIAL GE  (K₀=12.0, L₀=10.0, damp=0.3, tol=0.0001)
iter   K        L        K/L      r(5y)    w        τp       DIFF/Y
─────  ───────  ───────  ───────  ───────  ───────  ───────  ─────────────
1      12.000   10.000   1.200    0.1634   1.0935   0.0776   -3.476986e-01
2      10.787   12.659   0.852    0.2890   0.9667   0.0812   -2.951327e-01
3      13.679   14.319   0.955    0.2440   1.0073   0.0807   -1.536854e-01
4      14.671   15.560   0.943    0.2490   1.0026   0.0809   -1.017729e-01
5      15.500   16.419   0.944    0.2485   1.0030   0.0809   -6.702215e-02
6      16.063   17.021   0.944    0.2486   1.0029   0.0811   -4.554909e-02
7      16.470   17.442   0.944    0.2484   1.0031   0.0811   -3.105751e-02
8      16.752   17.737   0.944    0.2483   1.0032   0.0811   -2.134674e-02
9      16.949   17.944   0.945    0.2483   1.0032   0.0812   -1.488895e-02
10     17.091   18.088   0.945    0.2482   1.0033   0.0813   -1.034321e-02
11     17.190   18.190   0.945    0.2481   1.0034   0.0813   -7.178244e-03
12     17.259   18.260   0.945    0.2481   1.0034   0.0813   -5.005826e-03
13     17.308   18.310   0.945    0.2480   1.0035   0.0813   -3.502060e-03
14     17.342   18.345   0.945    0.2480   1.0035   0.0813   -2.423955e-03
15     17.365   18.369   0.945    0.2480   1.0035   0.0813   -1.710945e-03
16     17.382   18.386   0.945    0.2480   1.0035   0.0813   -1.193568e-03
17     17.393   18.398   0.945    0.2480   1.0035   0.0813   -8.311397e-04
18     17.401   18.406   0.945    0.2480   1.0035   0.0813   -5.814529e-04
19     17.407   18.412   0.945    0.2480   1.0035   0.0813   -4.081936e-04
20     17.411   18.416   0.945    0.2480   1.0035   0.0813   -2.847957e-04
21     17.413   18.419   0.945    0.2480   1.0035   0.0813   -1.992534e-04
22     17.415   18.421   0.945    0.2480   1.0035   0.0813   -1.394204e-04
23     17.416   18.423   0.945    0.2480   1.0035   0.0813   -9.756101e-05
  → CONVERGED at iter 23

══════════════════════════════════════════════════════════════
 Stationary GE (DraftApril.pdf model)
══════════════════════════════════════════════════════════════
  K        = 17.41645
  L        = 18.42263
  K/L      = 0.94538
  Y        = 28.88620
  K/Y (5y) = 0.60293   |  K/Y annual = 0.121
  r (5-yr) = 0.24797   |  r annual   = 4.5299%
  w        = 1.00350
  C        = 13.78293   |  C/Y = 47.71%
  M        = 1.18043   |  M/Y = 4.09%
  G        = 5.48838   |  G/Y = 19.00%
  δK       = 6.08036   |  δK/Y = 21.05%
  Λ_void   = 1.46851   |  Λ_void/Y = 5.08%
  A_dom    = 26.09243
  B (debt) = 8.67291
  τp       = 0.08134
  pen      = 0.75368
  N^W      = 7.35875
  N^R      = 1.99529
  N^R/N^W  = 0.27115

  Goods market residual: (Y - C - M - (δ+n_p)K - G - Λ_void)/Y = -9.756101e-05
  Gov BC check (corrected closure (rn-n_p)B = primary): +0.000000e+00
  PDF eq.17 check (rB = primary, unadjusted for n_p): -3.020549e-02   [nonzero by design — see notes]

  Welfare object (PDF eq. 58):
    𝒲₁(θ_L = -0.20) = 3.43076
    𝒲₁(θ_H = 0.20) = 4.13948

  Euler residual |r|/u_c (n=330405 interior cells):
     mean log10 = -8.444,  max log10 = -5.746,  p95 log10 = -6.297
  Wrote ge_lifecycle_kappa30.csv, ge_summary_kappa30.csv, ge_history_kappa30.csv  (under /home/hectorjuan/Dalila/Missions/Funded/BID2/draft_260519)

Generating GE audit plots …
  Wrote 6 GE audit plots to /home/hectorjuan/Dalila/Missions/Funded/BID2/draft_260519/plots_kappa30/ge_*.png
ended 2026-05-20T01:07:10-06:00
