WARNING: redefinition of constant Main.K_init. This may fail, cause incorrect answers, or produce other errors.
WARNING: redefinition of constant Main.L_init. This may fail, cause incorrect answers, or produce other errors.

======================================================================
  RUN: Warm-start check — baseline at RUN 1 values
======================================================================
INITIAL GE-Gender  (K₀=14.378, L₀=15.87, damp=0.3, tol=0.0001)
iter   K        L        K/L      r(5y)    w        τp       DIFF/Y
─────  ───────  ───────  ───────  ───────  ───────  ───────  ─────────────
1      14.378   15.870   0.906    0.2645   0.9882   0.1000   +5.752344e-01
2      11.483   11.109   1.034    0.2148   1.0363   0.1000   +5.545714e-01
3      9.582    7.776    1.232    0.1548   1.1039   0.1000   +5.241735e-01
4      8.909    5.443    1.637    0.0711   1.2227   0.1000   +4.672164e-01
5      32.691   3.810    8.579    -0.2036  2.2200   0.1000   -1.796713e-01
6      19.867   2.667    7.449    -0.1898  2.1098   0.1000   -9.406841e-02
7      11.985   1.867    6.419    -0.1739  1.9998   0.1000   -1.199503e-02
8      7.161    1.307    5.479    -0.1552  1.8890   0.1000   +6.721643e-02
9      4.223    0.915    4.615    -0.1327  1.7759   0.1000   +1.444587e-01
10     2.441    0.640    3.812    -0.1045  1.6578   0.1000   +2.211062e-01
11     1.366    0.500    2.732    -0.0464  1.4704   0.1000   +3.341801e-01
12     0.671    0.500    1.341    0.1282   1.1382   0.1000   +5.082228e-01
13     0.690    0.500    1.380    0.1195   1.1500   0.1000   +5.026234e-01
14     0.747    0.500    1.494    0.0964   1.1831   0.1000   +4.867021e-01
15     1.015    0.500    2.030    0.0170   1.3214   0.1000   +4.165055e-01
16     0.500    0.500    1.000    0.2269   1.0240   0.1000   +5.599213e-01
17     0.500    0.500    1.000    0.2269   1.0240   0.1000   +5.599213e-01
18     0.500    0.500    1.000    0.2269   1.0240   0.1000   +5.599213e-01
19     0.500    0.500    1.000    0.2269   1.0240   0.1000   +5.599213e-01
20     0.500    0.500    1.000    0.2269   1.0240   0.1000   +5.599213e-01
21     0.500    0.500    1.000    0.2269   1.0240   0.1000   +5.599213e-01
22     0.500    0.500    1.000    0.2269   1.0240   0.1000   +5.599213e-01
23     0.500    0.500    1.000    0.2269   1.0240   0.1000   +5.599213e-01
24     0.500    0.500    1.000    0.2269   1.0240   0.1000   +5.599213e-01
25     0.500    0.500    1.000    0.2269   1.0240   0.1000   +5.599213e-01
26     0.500    0.500    1.000    0.2269   1.0240   0.1000   +5.599213e-01
27     0.500    0.500    1.000    0.2269   1.0240   0.1000   +5.599213e-01
28     0.500    0.500    1.000    0.2269   1.0240   0.1000   +5.599213e-01
29     0.500    0.500    1.000    0.2269   1.0240   0.1000   +5.599213e-01
30     0.500    0.500    1.000    0.2269   1.0240   0.1000   +5.599213e-01
  → DID NOT CONVERGE within 30 iterations
  Symmetric-primitives identity: |M-F| at θL = 0.00e+00, at θH = 0.00e+00
ERROR: LoadError: AssertionError: Warm-start check does not match aging-experiment RUN 1 (got K=0.5, expected 14.378). Override pattern may be broken — diagnose before proceeding.
Stacktrace:
 [1] top-level scope
   @ ~/Dalila/Missions/Funded/BID2/GE-now with Gender/stationary_experiments/run_stationary_experiments.jl:144
in expression starting at /home/hectorjuan/Dalila/Missions/Funded/BID2/GE-now with Gender/stationary_experiments/run_stationary_experiments.jl:144
