WARNING: redefinition of constant Main.K_init. This may fail, cause incorrect answers, or produce other errors.
WARNING: redefinition of constant Main.L_init. This may fail, cause incorrect answers, or produce other errors.
Initializing grids and Rouwenhorst chain …
  init done: n_p = 0.051010   gender_gap = true   τm = 0.0000

======================================================================
  RUN: Baseline κ=0.50 (warm-start verify vs aging RUN 1)
======================================================================
INITIAL GE-Gender  (K₀=14.378, L₀=15.87, damp=0.3, tol=0.0001)
iter   K        L        K/L      r(5y)    w        τp       DIFF/Y
─────  ───────  ───────  ───────  ───────  ───────  ───────  ─────────────
1      14.378   15.870   0.906    0.2645   0.9882   0.1401   -1.832064e-02
2      16.435   15.999   1.027    0.2171   1.0340   0.1442   +1.653103e-02
3      14.870   16.062   0.926    0.2560   0.9960   0.1449   +9.448260e-03
4      14.555   16.023   0.908    0.2634   0.9892   0.1450   +5.346552e-03
5      14.476   15.980   0.906    0.2645   0.9882   0.1450   +3.536254e-03
6      14.443   15.948   0.906    0.2646   0.9881   0.1450   +2.434990e-03
7      14.423   15.925   0.906    0.2646   0.9881   0.1450   +1.687374e-03
8      14.410   15.909   0.906    0.2645   0.9882   0.1450   +1.174291e-03
9      14.401   15.898   0.906    0.2645   0.9882   0.1450   +8.145015e-04
10     14.394   15.890   0.906    0.2645   0.9882   0.1450   +5.658069e-04
11     14.390   15.885   0.906    0.2645   0.9882   0.1450   +3.928897e-04
12     14.387   15.881   0.906    0.2645   0.9882   0.1450   +2.730602e-04
13     14.385   15.879   0.906    0.2645   0.9882   0.1450   +1.897087e-04
14     14.383   15.877   0.906    0.2645   0.9882   0.1450   +1.315462e-04
15     14.382   15.876   0.906    0.2645   0.9882   0.1450   +9.218322e-05
  → CONVERGED at iter 15
  → K=14.3824 L=15.8758 Y=24.5137 r(ann)=4.805% τp=0.1450 B/Y=0.2829
  DIFF/Y=+9.22e-05  Euler max log10=-4.83  M/Y=0.0522
  Symmetric-primitives identity: |M-F| at θL=1.61e-01, at θH=1.78e-01
  → wrote results/baseline_results.csv
✔ Baseline reproduces aging RUN 1 (K=14.382379286831709, expected 14.378)

======================================================================
  RUN: κ=0.30 (pension reform)
======================================================================
INITIAL GE-Gender  (K₀=14.378, L₀=15.87, damp=0.3, tol=0.0001)
iter   K        L        K/L      r(5y)    w        τp       DIFF/Y
─────  ───────  ───────  ───────  ───────  ───────  ───────  ─────────────
1      14.378   15.870   0.906    0.2645   0.9882   0.0870   -1.048609e-04
2      14.378   15.871   0.906    0.2645   0.9882   0.0858   -4.419264e-02
3      15.715   16.035   0.980    0.2344   1.0166   0.0852   -2.160660e-02
4      16.018   16.210   0.988    0.2313   1.0196   0.0852   -1.473688e-02
5      16.167   16.339   0.989    0.2308   1.0201   0.0852   -1.019652e-02
6      16.262   16.431   0.990    0.2307   1.0202   0.0852   -7.093698e-03
7      16.328   16.495   0.990    0.2306   1.0203   0.0852   -4.956929e-03
8      16.374   16.540   0.990    0.2306   1.0203   0.0852   -3.454939e-03
9      16.406   16.572   0.990    0.2306   1.0203   0.0852   -2.421874e-03
10     16.429   16.594   0.990    0.2306   1.0203   0.0852   -1.693193e-03
11     16.445   16.609   0.990    0.2306   1.0203   0.0852   -1.185215e-03
12     16.456   16.620   0.990    0.2306   1.0204   0.0852   -8.287385e-04
13     16.464   16.628   0.990    0.2305   1.0204   0.0852   -5.813556e-04
14     16.469   16.633   0.990    0.2305   1.0204   0.0853   -4.081314e-04
15     16.473   16.637   0.990    0.2305   1.0204   0.0853   -2.850179e-04
16     16.476   16.639   0.990    0.2305   1.0204   0.0853   -1.996911e-04
17     16.478   16.641   0.990    0.2305   1.0204   0.0853   -1.398856e-04
18     16.479   16.643   0.990    0.2305   1.0204   0.0853   -9.799566e-05
  → CONVERGED at iter 18
  → K=16.4789 L=16.6425 Y=26.5335 r(ann)=4.236% τp=0.0853 B/Y=0.3109
  DIFF/Y=-9.80e-05  Euler max log10=-5.52  M/Y=0.0439
  Symmetric-primitives identity: |M-F| at θL=2.30e-01, at θH=2.44e-01
  → wrote results/kappa30_results.csv

[gate 4] κ=0.30 → τp: 14.50% → 8.53%  (PASS)
run_kappa.jl done.
