# Stage 2b identification-wall assertion trail (assert_no_tfr)
[apc] load_composition[CRI]: cols=['country', 'year', 'age_band', 'share_single', 'share_cohab', 'share_married', 'n_women_weighted'] -> PASS
[apc] apc_decompose: cols=['country', 'year', 'age_band', 'share_single', 'share_cohab', 'share_married', 'n_women_weighted', 'birth_year_anchor', 'cohort_start', 'birth_cohort', 'age', 'period', 'cohort'] -> PASS
[apc] apc_decompose: cols=['country', 'year', 'age_band', 'share_single', 'share_cohab', 'share_married', 'n_women_weighted', 'birth_year_anchor', 'cohort_start', 'birth_cohort', 'age', 'period', 'cohort'] -> PASS
[apc] load_composition[COL]: cols=['country', 'year', 'age_band', 'share_single', 'share_cohab', 'share_married', 'n_women_weighted'] -> PASS
[apc] apc_decompose: cols=['country', 'year', 'age_band', 'share_single', 'share_cohab', 'share_married', 'n_women_weighted', 'birth_year_anchor', 'cohort_start', 'birth_cohort', 'age', 'period', 'cohort'] -> PASS
[apc] apc_decompose: cols=['country', 'year', 'age_band', 'share_single', 'share_cohab', 'share_married', 'n_women_weighted', 'birth_year_anchor', 'cohort_start', 'birth_cohort', 'age', 'period', 'cohort'] -> PASS
[apc] load_composition[MEX]: cols=['country', 'year', 'age_band', 'share_single', 'share_cohab', 'share_married', 'n_women_weighted'] -> PASS
[apc] apc_decompose: cols=['country', 'year', 'age_band', 'share_single', 'share_cohab', 'share_married', 'n_women_weighted', 'birth_year_anchor', 'cohort_start', 'birth_cohort', 'age', 'period', 'cohort'] -> PASS
[apc] apc_decompose: cols=['country', 'year', 'age_band', 'share_single', 'share_cohab', 'share_married', 'n_women_weighted', 'birth_year_anchor', 'cohort_start', 'birth_cohort', 'age', 'period', 'cohort'] -> PASS
[statedep] estimate[peer_younger,lag1]: cols=['country', 'birth_cohort', 'cohort_start', 'age_band', 'year', 'share_single', 'share_cohab', 'share_married', 'n_women_weighted', 'd_married', 'ref_now', 'nbr_band', 'year_lag', 'ref_nbr', 'ref_lag'] -> PASS
[statedep] estimate[peer_younger,lag2]: cols=['country', 'birth_cohort', 'cohort_start', 'age_band', 'year', 'share_single', 'share_cohab', 'share_married', 'n_women_weighted', 'd_married', 'ref_now', 'nbr_band', 'year_lag', 'ref_nbr', 'ref_lag'] -> PASS
[statedep] estimate[peer_older,lag1]: cols=['country', 'birth_cohort', 'cohort_start', 'age_band', 'year', 'share_single', 'share_cohab', 'share_married', 'n_women_weighted', 'd_married', 'ref_now', 'nbr_band', 'year_lag', 'ref_nbr', 'ref_lag'] -> PASS
[statedep] estimate[peer_older,lag2]: cols=['country', 'birth_cohort', 'cohort_start', 'age_band', 'year', 'share_single', 'share_cohab', 'share_married', 'n_women_weighted', 'd_married', 'ref_now', 'nbr_band', 'year_lag', 'ref_nbr', 'ref_lag'] -> PASS
[statedep] estimate[pop2039,lag1]: cols=['country', 'birth_cohort', 'cohort_start', 'age_band', 'year', 'share_single', 'share_cohab', 'share_married', 'n_women_weighted', 'd_married', 'ref_now', 'ref_pop', 'ref_lag'] -> PASS
[statedep] estimate[pop2039,lag2]: cols=['country', 'birth_cohort', 'cohort_start', 'age_band', 'year', 'share_single', 'share_cohab', 'share_married', 'n_women_weighted', 'd_married', 'ref_now', 'ref_pop', 'ref_lag'] -> PASS
[statedep] estimate[own_lag,lag1]: cols=['country', 'birth_cohort', 'cohort_start', 'age_band', 'year', 'share_single', 'share_cohab', 'share_married', 'n_women_weighted', 'd_married', 'ref_now', 'ref_lag'] -> PASS
[statedep] estimate[own_lag,lag2]: cols=['country', 'birth_cohort', 'cohort_start', 'age_band', 'year', 'share_single', 'share_cohab', 'share_married', 'n_women_weighted', 'd_married', 'ref_now', 'ref_lag'] -> PASS
[statedep] estimate[peer_younger,lag1]: cols=['country', 'birth_cohort', 'cohort_start', 'age_band', 'year', 'share_single', 'share_cohab', 'share_married', 'n_women_weighted', 'd_married', 'ref_now', 'nbr_band', 'year_lag', 'ref_nbr', 'ref_lag'] -> PASS
[statedep] estimate[peer_younger,lag2]: cols=['country', 'birth_cohort', 'cohort_start', 'age_band', 'year', 'share_single', 'share_cohab', 'share_married', 'n_women_weighted', 'd_married', 'ref_now', 'nbr_band', 'year_lag', 'ref_nbr', 'ref_lag'] -> PASS
[statedep] estimate[peer_older,lag1]: cols=['country', 'birth_cohort', 'cohort_start', 'age_band', 'year', 'share_single', 'share_cohab', 'share_married', 'n_women_weighted', 'd_married', 'ref_now', 'nbr_band', 'year_lag', 'ref_nbr', 'ref_lag'] -> PASS
[statedep] estimate[peer_older,lag2]: cols=['country', 'birth_cohort', 'cohort_start', 'age_band', 'year', 'share_single', 'share_cohab', 'share_married', 'n_women_weighted', 'd_married', 'ref_now', 'nbr_band', 'year_lag', 'ref_nbr', 'ref_lag'] -> PASS
[statedep] estimate[pop2039,lag1]: cols=['country', 'birth_cohort', 'cohort_start', 'age_band', 'year', 'share_single', 'share_cohab', 'share_married', 'n_women_weighted', 'd_married', 'ref_now', 'ref_pop', 'ref_lag'] -> PASS
[statedep] estimate[pop2039,lag2]: cols=['country', 'birth_cohort', 'cohort_start', 'age_band', 'year', 'share_single', 'share_cohab', 'share_married', 'n_women_weighted', 'd_married', 'ref_now', 'ref_pop', 'ref_lag'] -> PASS
[statedep] estimate[own_lag,lag1]: cols=['country', 'birth_cohort', 'cohort_start', 'age_band', 'year', 'share_single', 'share_cohab', 'share_married', 'n_women_weighted', 'd_married', 'ref_now', 'ref_lag'] -> PASS
[statedep] estimate[own_lag,lag2]: cols=['country', 'birth_cohort', 'cohort_start', 'age_band', 'year', 'share_single', 'share_cohab', 'share_married', 'n_women_weighted', 'd_married', 'ref_now', 'ref_lag'] -> PASS
[statedep] estimate[peer_younger,lag1]: cols=['country', 'birth_cohort', 'cohort_start', 'age_band', 'year', 'share_single', 'share_cohab', 'share_married', 'n_women_weighted', 'd_married', 'ref_now', 'nbr_band', 'year_lag', 'ref_nbr', 'ref_lag'] -> PASS
[statedep] estimate[peer_younger,lag2]: cols=['country', 'birth_cohort', 'cohort_start', 'age_band', 'year', 'share_single', 'share_cohab', 'share_married', 'n_women_weighted', 'd_married', 'ref_now', 'nbr_band', 'year_lag', 'ref_nbr', 'ref_lag'] -> PASS
[statedep] estimate[peer_older,lag1]: cols=['country', 'birth_cohort', 'cohort_start', 'age_band', 'year', 'share_single', 'share_cohab', 'share_married', 'n_women_weighted', 'd_married', 'ref_now', 'nbr_band', 'year_lag', 'ref_nbr', 'ref_lag'] -> PASS
[statedep] estimate[peer_older,lag2]: cols=['country', 'birth_cohort', 'cohort_start', 'age_band', 'year', 'share_single', 'share_cohab', 'share_married', 'n_women_weighted', 'd_married', 'ref_now', 'nbr_band', 'year_lag', 'ref_nbr', 'ref_lag'] -> PASS
[statedep] estimate[pop2039,lag1]: cols=['country', 'birth_cohort', 'cohort_start', 'age_band', 'year', 'share_single', 'share_cohab', 'share_married', 'n_women_weighted', 'd_married', 'ref_now', 'ref_pop', 'ref_lag'] -> PASS
[statedep] estimate[pop2039,lag2]: cols=['country', 'birth_cohort', 'cohort_start', 'age_band', 'year', 'share_single', 'share_cohab', 'share_married', 'n_women_weighted', 'd_married', 'ref_now', 'ref_pop', 'ref_lag'] -> PASS
[statedep] estimate[own_lag,lag1]: cols=['country', 'birth_cohort', 'cohort_start', 'age_band', 'year', 'share_single', 'share_cohab', 'share_married', 'n_women_weighted', 'd_married', 'ref_now', 'ref_lag'] -> PASS
[statedep] estimate[own_lag,lag2]: cols=['country', 'birth_cohort', 'cohort_start', 'age_band', 'year', 'share_single', 'share_cohab', 'share_married', 'n_women_weighted', 'd_married', 'ref_now', 'ref_lag'] -> PASS
[statedep] estimate[peer_younger,lag1]: cols=['country', 'birth_cohort', 'cohort_start', 'age_band', 'year', 'share_single', 'share_cohab', 'share_married', 'n_women_weighted', 'd_married', 'ref_now', 'nbr_band', 'year_lag', 'ref_nbr', 'ref_lag'] -> PASS
[statedep] estimate[peer_younger,lag2]: cols=['country', 'birth_cohort', 'cohort_start', 'age_band', 'year', 'share_single', 'share_cohab', 'share_married', 'n_women_weighted', 'd_married', 'ref_now', 'nbr_band', 'year_lag', 'ref_nbr', 'ref_lag'] -> PASS
[statedep] estimate[peer_older,lag1]: cols=['country', 'birth_cohort', 'cohort_start', 'age_band', 'year', 'share_single', 'share_cohab', 'share_married', 'n_women_weighted', 'd_married', 'ref_now', 'nbr_band', 'year_lag', 'ref_nbr', 'ref_lag'] -> PASS
[statedep] estimate[peer_older,lag2]: cols=['country', 'birth_cohort', 'cohort_start', 'age_band', 'year', 'share_single', 'share_cohab', 'share_married', 'n_women_weighted', 'd_married', 'ref_now', 'nbr_band', 'year_lag', 'ref_nbr', 'ref_lag'] -> PASS
[statedep] estimate[pop2039,lag1]: cols=['country', 'birth_cohort', 'cohort_start', 'age_band', 'year', 'share_single', 'share_cohab', 'share_married', 'n_women_weighted', 'd_married', 'ref_now', 'ref_pop', 'ref_lag'] -> PASS
[statedep] estimate[pop2039,lag2]: cols=['country', 'birth_cohort', 'cohort_start', 'age_band', 'year', 'share_single', 'share_cohab', 'share_married', 'n_women_weighted', 'd_married', 'ref_now', 'ref_pop', 'ref_lag'] -> PASS
[statedep] estimate[own_lag,lag1]: cols=['country', 'birth_cohort', 'cohort_start', 'age_band', 'year', 'share_single', 'share_cohab', 'share_married', 'n_women_weighted', 'd_married', 'ref_now', 'ref_lag'] -> PASS
[statedep] estimate[own_lag,lag2]: cols=['country', 'birth_cohort', 'cohort_start', 'age_band', 'year', 'share_single', 'share_cohab', 'share_married', 'n_women_weighted', 'd_married', 'ref_now', 'ref_lag'] -> PASS
